[0.014s] Invoking command in '/home/tobi/Documents/DynamixelROS2/ros/build/dynamixel_sdk_examples': AMENT_PREFIX_PATH=/home/tobi/Documents/DynamixelROS2/ros/install/dynamixel_sdk_custom_interfaces:/home/tobi/Documents/DynamixelROS2/ros/install/dynamixel_sdk:${AMENT_PREFIX_PATH} CMAKE_PREFIX_PATH=/home/tobi/Documents/DynamixelROS2/ros/install/dynamixel_sdk_custom_interfaces:/home/tobi/Documents/DynamixelROS2/ros/install/dynamixel_sdk:/opt/ros/jazzy/opt/gz_sim_vendor:/opt/ros/jazzy/opt/gz_sensors_vendor:/opt/ros/jazzy/opt/gz_physics_vendor:/opt/ros/jazzy/opt/sdformat_vendor:/opt/ros/jazzy/opt/gz_gui_vendor:/opt/ros/jazzy/opt/gz_transport_vendor:/opt/ros/jazzy/opt/gz_rendering_vendor:/opt/ros/jazzy/opt/gz_plugin_vendor:/opt/ros/jazzy/opt/gz_fuel_tools_vendor:/opt/ros/jazzy/opt/gz_msgs_vendor:/opt/ros/jazzy/opt/gz_common_vendor:/opt/ros/jazzy/opt/gz_math_vendor:/opt/ros/jazzy/opt/gz_utils_vendor:/opt/ros/jazzy/opt/gz_tools_vendor:/opt/ros/jazzy/opt/gz_ogre_next_vendor:/opt/ros/jazzy/opt/gz_dartsim_vendor:/opt/ros/jazzy/opt/gz_cmake_vendor:/opt/ros/jazzy DEBUGINFOD_URLS=https://debuginfod.ubuntu.com LD_LIBRARY_PATH=/home/tobi/Documents/DynamixelROS2/ros/install/dynamixel_sdk_custom_interfaces/lib:/home/tobi/Documents/DynamixelROS2/ros/install/dynamixel_sdk/lib:${LD_LIBRARY_PATH} PYTHONPATH=/home/tobi/Documents/DynamixelROS2/ros/install/dynamixel_sdk_custom_interfaces/lib/python3.12/site-packages:/home/tobi/Documents/DynamixelROS2/ros/install/dynamixel_sdk/lib/python3.12/site-packages:${PYTHONPATH} /usr/bin/cmake /home/tobi/Documents/DynamixelROS2/ros/dynamixel_sdk_examples -DAMENT_CMAKE_SYMLINK_INSTALL=1 -DCMAKE_INSTALL_PREFIX=/home/tobi/Documents/DynamixelROS2/ros/install/dynamixel_sdk_examples
[0.061s] -- The C compiler identification is GNU 13.3.0
[0.106s] -- The CXX compiler identification is GNU 13.3.0
[0.122s] -- Detecting C compiler ABI info
[0.207s] -- Detecting C compiler ABI info - done
[0.212s] -- Check for working C compiler: /usr/bin/cc - skipped
[0.212s] -- Detecting C compile features
[0.212s] -- Detecting C compile features - done
[0.221s] -- Detecting CXX compiler ABI info
[0.314s] -- Detecting CXX compiler ABI info - done
[0.319s] -- Check for working CXX compiler: /usr/bin/c++ - skipped
[0.319s] -- Detecting CXX compile features
[0.320s] -- Detecting CXX compile features - done
[0.323s] -- Found ament_cmake: 2.5.4 (/opt/ros/jazzy/share/ament_cmake/cmake)
[0.441s] -- Found Python3: /usr/bin/python3 (found version "3.12.3") found components: Interpreter 
[0.487s] -- Override CMake install command with custom implementation using symlinks instead of copying resources
[0.528s] -- Found dynamixel_sdk: 3.8.4 (/home/tobi/Documents/DynamixelROS2/ros/install/dynamixel_sdk/share/dynamixel_sdk/cmake)
[0.529s] -- Found dynamixel_sdk_custom_interfaces: 3.8.4 (/home/tobi/Documents/DynamixelROS2/ros/install/dynamixel_sdk_custom_interfaces/share/dynamixel_sdk_custom_interfaces/cmake)
[0.572s] -- Found rosidl_generator_c: 4.6.6 (/opt/ros/jazzy/share/rosidl_generator_c/cmake)
[0.584s] -- Found rosidl_generator_cpp: 4.6.6 (/opt/ros/jazzy/share/rosidl_generator_cpp/cmake)
[0.599s] -- Using all available rosidl_typesupport_c: rosidl_typesupport_fastrtps_c;rosidl_typesupport_introspection_c
[0.614s] -- Using all available rosidl_typesupport_cpp: rosidl_typesupport_fastrtps_cpp;rosidl_typesupport_introspection_cpp
[0.657s] -- Found rclcpp: 28.1.12 (/opt/ros/jazzy/share/rclcpp/cmake)
[0.707s] -- Found rmw_implementation_cmake: 7.3.2 (/opt/ros/jazzy/share/rmw_implementation_cmake/cmake)
[0.713s] -- Found rmw_fastrtps_cpp: 8.4.3 (/opt/ros/jazzy/share/rmw_fastrtps_cpp/cmake)
[0.814s] -- Found OpenSSL: /usr/lib/x86_64-linux-gnu/libcrypto.so (found version "3.0.13")  
[0.831s] -- Found FastRTPS: /opt/ros/jazzy/include (Required is at least version "2.13") 
[0.852s] -- Using RMW implementation 'rmw_fastrtps_cpp' as default
[0.919s] -- Found rclpy: 7.1.5 (/opt/ros/jazzy/share/rclpy/cmake)
[0.922s] -- Found ament_lint_auto: 0.17.3 (/opt/ros/jazzy/share/ament_lint_auto/cmake)
[1.013s] -- Added test 'copyright' to check source files copyright and LICENSE
[1.014s] -- Added test 'cppcheck' to perform static code analysis on C / C++ code
[1.014s] -- Configured cppcheck include dirs: /home/tobi/Documents/DynamixelROS2/ros/dynamixel_sdk_examples/include
[1.014s] -- Configured cppcheck exclude dirs and/or files: 
[1.015s] -- Added test 'cpplint' to check C / C++ code against the Google style
[1.015s] -- Configured cpplint exclude dirs and/or files: 
[1.016s] -- Added test 'flake8' to check Python code syntax and style conventions
[1.016s] -- Configured 'flake8' exclude dirs and/or files: 
[1.016s] -- Added test 'lint_cmake' to check CMake code style
[1.017s] -- Added test 'pep257' to check Python code against some of the docstring style conventions in PEP 257
[1.018s] -- Added test 'uncrustify' to check C / C++ code style
[1.018s] -- Configured uncrustify additional arguments: 
[1.019s] -- Added test 'xmllint' to check XML markup files
[1.020s] -- Configuring done (1.0s)
[1.027s] -- Generating done (0.0s)
[1.029s] -- Build files have been written to: /home/tobi/Documents/DynamixelROS2/ros/build/dynamixel_sdk_examples
[1.040s] Invoked command in '/home/tobi/Documents/DynamixelROS2/ros/build/dynamixel_sdk_examples' returned '0': AMENT_PREFIX_PATH=/home/tobi/Documents/DynamixelROS2/ros/install/dynamixel_sdk_custom_interfaces:/home/tobi/Documents/DynamixelROS2/ros/install/dynamixel_sdk:${AMENT_PREFIX_PATH} CMAKE_PREFIX_PATH=/home/tobi/Documents/DynamixelROS2/ros/install/dynamixel_sdk_custom_interfaces:/home/tobi/Documents/DynamixelROS2/ros/install/dynamixel_sdk:/opt/ros/jazzy/opt/gz_sim_vendor:/opt/ros/jazzy/opt/gz_sensors_vendor:/opt/ros/jazzy/opt/gz_physics_vendor:/opt/ros/jazzy/opt/sdformat_vendor:/opt/ros/jazzy/opt/gz_gui_vendor:/opt/ros/jazzy/opt/gz_transport_vendor:/opt/ros/jazzy/opt/gz_rendering_vendor:/opt/ros/jazzy/opt/gz_plugin_vendor:/opt/ros/jazzy/opt/gz_fuel_tools_vendor:/opt/ros/jazzy/opt/gz_msgs_vendor:/opt/ros/jazzy/opt/gz_common_vendor:/opt/ros/jazzy/opt/gz_math_vendor:/opt/ros/jazzy/opt/gz_utils_vendor:/opt/ros/jazzy/opt/gz_tools_vendor:/opt/ros/jazzy/opt/gz_ogre_next_vendor:/opt/ros/jazzy/opt/gz_dartsim_vendor:/opt/ros/jazzy/opt/gz_cmake_vendor:/opt/ros/jazzy DEBUGINFOD_URLS=https://debuginfod.ubuntu.com LD_LIBRARY_PATH=/home/tobi/Documents/DynamixelROS2/ros/install/dynamixel_sdk_custom_interfaces/lib:/home/tobi/Documents/DynamixelROS2/ros/install/dynamixel_sdk/lib:${LD_LIBRARY_PATH} PYTHONPATH=/home/tobi/Documents/DynamixelROS2/ros/install/dynamixel_sdk_custom_interfaces/lib/python3.12/site-packages:/home/tobi/Documents/DynamixelROS2/ros/install/dynamixel_sdk/lib/python3.12/site-packages:${PYTHONPATH} /usr/bin/cmake /home/tobi/Documents/DynamixelROS2/ros/dynamixel_sdk_examples -DAMENT_CMAKE_SYMLINK_INSTALL=1 -DCMAKE_INSTALL_PREFIX=/home/tobi/Documents/DynamixelROS2/ros/install/dynamixel_sdk_examples
[1.040s] Invoking command in '/home/tobi/Documents/DynamixelROS2/ros/build/dynamixel_sdk_examples': AMENT_PREFIX_PATH=/home/tobi/Documents/DynamixelROS2/ros/install/dynamixel_sdk_custom_interfaces:/home/tobi/Documents/DynamixelROS2/ros/install/dynamixel_sdk:${AMENT_PREFIX_PATH} CMAKE_PREFIX_PATH=/home/tobi/Documents/DynamixelROS2/ros/install/dynamixel_sdk_custom_interfaces:/home/tobi/Documents/DynamixelROS2/ros/install/dynamixel_sdk:/opt/ros/jazzy/opt/gz_sim_vendor:/opt/ros/jazzy/opt/gz_sensors_vendor:/opt/ros/jazzy/opt/gz_physics_vendor:/opt/ros/jazzy/opt/sdformat_vendor:/opt/ros/jazzy/opt/gz_gui_vendor:/opt/ros/jazzy/opt/gz_transport_vendor:/opt/ros/jazzy/opt/gz_rendering_vendor:/opt/ros/jazzy/opt/gz_plugin_vendor:/opt/ros/jazzy/opt/gz_fuel_tools_vendor:/opt/ros/jazzy/opt/gz_msgs_vendor:/opt/ros/jazzy/opt/gz_common_vendor:/opt/ros/jazzy/opt/gz_math_vendor:/opt/ros/jazzy/opt/gz_utils_vendor:/opt/ros/jazzy/opt/gz_tools_vendor:/opt/ros/jazzy/opt/gz_ogre_next_vendor:/opt/ros/jazzy/opt/gz_dartsim_vendor:/opt/ros/jazzy/opt/gz_cmake_vendor:/opt/ros/jazzy DEBUGINFOD_URLS=https://debuginfod.ubuntu.com LD_LIBRARY_PATH=/home/tobi/Documents/DynamixelROS2/ros/install/dynamixel_sdk_custom_interfaces/lib:/home/tobi/Documents/DynamixelROS2/ros/install/dynamixel_sdk/lib:${LD_LIBRARY_PATH} PYTHONPATH=/home/tobi/Documents/DynamixelROS2/ros/install/dynamixel_sdk_custom_interfaces/lib/python3.12/site-packages:/home/tobi/Documents/DynamixelROS2/ros/install/dynamixel_sdk/lib/python3.12/site-packages:${PYTHONPATH} /usr/bin/cmake --build /home/tobi/Documents/DynamixelROS2/ros/build/dynamixel_sdk_examples -- -j16 -l16
[1.093s] [ 50%] [32mBuilding CXX object CMakeFiles/read_write_node.dir/src/read_write_node.cpp.o[0m
[6.174s] [100%] [32m[1mLinking CXX executable read_write_node[0m
[6.381s] [100%] Built target read_write_node
[6.394s] Invoked command in '/home/tobi/Documents/DynamixelROS2/ros/build/dynamixel_sdk_examples' returned '0': AMENT_PREFIX_PATH=/home/tobi/Documents/DynamixelROS2/ros/install/dynamixel_sdk_custom_interfaces:/home/tobi/Documents/DynamixelROS2/ros/install/dynamixel_sdk:${AMENT_PREFIX_PATH} CMAKE_PREFIX_PATH=/home/tobi/Documents/DynamixelROS2/ros/install/dynamixel_sdk_custom_interfaces:/home/tobi/Documents/DynamixelROS2/ros/install/dynamixel_sdk:/opt/ros/jazzy/opt/gz_sim_vendor:/opt/ros/jazzy/opt/gz_sensors_vendor:/opt/ros/jazzy/opt/gz_physics_vendor:/opt/ros/jazzy/opt/sdformat_vendor:/opt/ros/jazzy/opt/gz_gui_vendor:/opt/ros/jazzy/opt/gz_transport_vendor:/opt/ros/jazzy/opt/gz_rendering_vendor:/opt/ros/jazzy/opt/gz_plugin_vendor:/opt/ros/jazzy/opt/gz_fuel_tools_vendor:/opt/ros/jazzy/opt/gz_msgs_vendor:/opt/ros/jazzy/opt/gz_common_vendor:/opt/ros/jazzy/opt/gz_math_vendor:/opt/ros/jazzy/opt/gz_utils_vendor:/opt/ros/jazzy/opt/gz_tools_vendor:/opt/ros/jazzy/opt/gz_ogre_next_vendor:/opt/ros/jazzy/opt/gz_dartsim_vendor:/opt/ros/jazzy/opt/gz_cmake_vendor:/opt/ros/jazzy DEBUGINFOD_URLS=https://debuginfod.ubuntu.com LD_LIBRARY_PATH=/home/tobi/Documents/DynamixelROS2/ros/install/dynamixel_sdk_custom_interfaces/lib:/home/tobi/Documents/DynamixelROS2/ros/install/dynamixel_sdk/lib:${LD_LIBRARY_PATH} PYTHONPATH=/home/tobi/Documents/DynamixelROS2/ros/install/dynamixel_sdk_custom_interfaces/lib/python3.12/site-packages:/home/tobi/Documents/DynamixelROS2/ros/install/dynamixel_sdk/lib/python3.12/site-packages:${PYTHONPATH} /usr/bin/cmake --build /home/tobi/Documents/DynamixelROS2/ros/build/dynamixel_sdk_examples -- -j16 -l16
[6.395s] Invoking command in '/home/tobi/Documents/DynamixelROS2/ros/build/dynamixel_sdk_examples': AMENT_PREFIX_PATH=/home/tobi/Documents/DynamixelROS2/ros/install/dynamixel_sdk_custom_interfaces:/home/tobi/Documents/DynamixelROS2/ros/install/dynamixel_sdk:${AMENT_PREFIX_PATH} CMAKE_PREFIX_PATH=/home/tobi/Documents/DynamixelROS2/ros/install/dynamixel_sdk_custom_interfaces:/home/tobi/Documents/DynamixelROS2/ros/install/dynamixel_sdk:/opt/ros/jazzy/opt/gz_sim_vendor:/opt/ros/jazzy/opt/gz_sensors_vendor:/opt/ros/jazzy/opt/gz_physics_vendor:/opt/ros/jazzy/opt/sdformat_vendor:/opt/ros/jazzy/opt/gz_gui_vendor:/opt/ros/jazzy/opt/gz_transport_vendor:/opt/ros/jazzy/opt/gz_rendering_vendor:/opt/ros/jazzy/opt/gz_plugin_vendor:/opt/ros/jazzy/opt/gz_fuel_tools_vendor:/opt/ros/jazzy/opt/gz_msgs_vendor:/opt/ros/jazzy/opt/gz_common_vendor:/opt/ros/jazzy/opt/gz_math_vendor:/opt/ros/jazzy/opt/gz_utils_vendor:/opt/ros/jazzy/opt/gz_tools_vendor:/opt/ros/jazzy/opt/gz_ogre_next_vendor:/opt/ros/jazzy/opt/gz_dartsim_vendor:/opt/ros/jazzy/opt/gz_cmake_vendor:/opt/ros/jazzy DEBUGINFOD_URLS=https://debuginfod.ubuntu.com LD_LIBRARY_PATH=/home/tobi/Documents/DynamixelROS2/ros/install/dynamixel_sdk_custom_interfaces/lib:/home/tobi/Documents/DynamixelROS2/ros/install/dynamixel_sdk/lib:${LD_LIBRARY_PATH} PYTHONPATH=/home/tobi/Documents/DynamixelROS2/ros/install/dynamixel_sdk_custom_interfaces/lib/python3.12/site-packages:/home/tobi/Documents/DynamixelROS2/ros/install/dynamixel_sdk/lib/python3.12/site-packages:${PYTHONPATH} /usr/bin/cmake --install /home/tobi/Documents/DynamixelROS2/ros/build/dynamixel_sdk_examples
[6.403s] -- Install configuration: ""
[6.403s] -- Execute custom install script
[6.403s] -- Symlinking: /home/tobi/Documents/DynamixelROS2/ros/install/dynamixel_sdk_examples/lib/dynamixel_sdk_examples/read_write_node
[6.411s] -- Symlinking: /home/tobi/Documents/DynamixelROS2/ros/install/dynamixel_sdk_examples/lib/dynamixel_sdk_examples/read_write_node.py
[6.420s] -- Symlinking: /home/tobi/Documents/DynamixelROS2/ros/install/dynamixel_sdk_examples/share/ament_index/resource_index/package_run_dependencies/dynamixel_sdk_examples
[6.427s] -- Symlinking: /home/tobi/Documents/DynamixelROS2/ros/install/dynamixel_sdk_examples/share/ament_index/resource_index/parent_prefix_path/dynamixel_sdk_examples
[6.436s] -- Symlinking: /home/tobi/Documents/DynamixelROS2/ros/install/dynamixel_sdk_examples/share/dynamixel_sdk_examples/environment/ament_prefix_path.sh
[6.444s] -- Symlinking: /home/tobi/Documents/DynamixelROS2/ros/install/dynamixel_sdk_examples/share/dynamixel_sdk_examples/environment/ament_prefix_path.dsv
[6.452s] -- Symlinking: /home/tobi/Documents/DynamixelROS2/ros/install/dynamixel_sdk_examples/share/dynamixel_sdk_examples/environment/path.sh
[6.463s] -- Symlinking: /home/tobi/Documents/DynamixelROS2/ros/install/dynamixel_sdk_examples/share/dynamixel_sdk_examples/environment/path.dsv
[6.471s] -- Symlinking: /home/tobi/Documents/DynamixelROS2/ros/install/dynamixel_sdk_examples/share/dynamixel_sdk_examples/local_setup.bash
[6.479s] -- Symlinking: /home/tobi/Documents/DynamixelROS2/ros/install/dynamixel_sdk_examples/share/dynamixel_sdk_examples/local_setup.sh
[6.488s] -- Symlinking: /home/tobi/Documents/DynamixelROS2/ros/install/dynamixel_sdk_examples/share/dynamixel_sdk_examples/local_setup.zsh
[6.497s] -- Symlinking: /home/tobi/Documents/DynamixelROS2/ros/install/dynamixel_sdk_examples/share/dynamixel_sdk_examples/local_setup.dsv
[6.506s] -- Symlinking: /home/tobi/Documents/DynamixelROS2/ros/install/dynamixel_sdk_examples/share/dynamixel_sdk_examples/package.dsv
[6.514s] -- Symlinking: /home/tobi/Documents/DynamixelROS2/ros/install/dynamixel_sdk_examples/share/ament_index/resource_index/packages/dynamixel_sdk_examples
[6.523s] -- Symlinking: /home/tobi/Documents/DynamixelROS2/ros/install/dynamixel_sdk_examples/share/dynamixel_sdk_examples/cmake/dynamixel_sdk_examplesConfig.cmake
[6.531s] -- Symlinking: /home/tobi/Documents/DynamixelROS2/ros/install/dynamixel_sdk_examples/share/dynamixel_sdk_examples/cmake/dynamixel_sdk_examplesConfig-version.cmake
[6.539s] -- Symlinking: /home/tobi/Documents/DynamixelROS2/ros/install/dynamixel_sdk_examples/share/dynamixel_sdk_examples/package.xml
[6.550s] Invoked command in '/home/tobi/Documents/DynamixelROS2/ros/build/dynamixel_sdk_examples' returned '0': AMENT_PREFIX_PATH=/home/tobi/Documents/DynamixelROS2/ros/install/dynamixel_sdk_custom_interfaces:/home/tobi/Documents/DynamixelROS2/ros/install/dynamixel_sdk:${AMENT_PREFIX_PATH} CMAKE_PREFIX_PATH=/home/tobi/Documents/DynamixelROS2/ros/install/dynamixel_sdk_custom_interfaces:/home/tobi/Documents/DynamixelROS2/ros/install/dynamixel_sdk:/opt/ros/jazzy/opt/gz_sim_vendor:/opt/ros/jazzy/opt/gz_sensors_vendor:/opt/ros/jazzy/opt/gz_physics_vendor:/opt/ros/jazzy/opt/sdformat_vendor:/opt/ros/jazzy/opt/gz_gui_vendor:/opt/ros/jazzy/opt/gz_transport_vendor:/opt/ros/jazzy/opt/gz_rendering_vendor:/opt/ros/jazzy/opt/gz_plugin_vendor:/opt/ros/jazzy/opt/gz_fuel_tools_vendor:/opt/ros/jazzy/opt/gz_msgs_vendor:/opt/ros/jazzy/opt/gz_common_vendor:/opt/ros/jazzy/opt/gz_math_vendor:/opt/ros/jazzy/opt/gz_utils_vendor:/opt/ros/jazzy/opt/gz_tools_vendor:/opt/ros/jazzy/opt/gz_ogre_next_vendor:/opt/ros/jazzy/opt/gz_dartsim_vendor:/opt/ros/jazzy/opt/gz_cmake_vendor:/opt/ros/jazzy DEBUGINFOD_URLS=https://debuginfod.ubuntu.com LD_LIBRARY_PATH=/home/tobi/Documents/DynamixelROS2/ros/install/dynamixel_sdk_custom_interfaces/lib:/home/tobi/Documents/DynamixelROS2/ros/install/dynamixel_sdk/lib:${LD_LIBRARY_PATH} PYTHONPATH=/home/tobi/Documents/DynamixelROS2/ros/install/dynamixel_sdk_custom_interfaces/lib/python3.12/site-packages:/home/tobi/Documents/DynamixelROS2/ros/install/dynamixel_sdk/lib/python3.12/site-packages:${PYTHONPATH} /usr/bin/cmake --install /home/tobi/Documents/DynamixelROS2/ros/build/dynamixel_sdk_examples
