[0.022s] Invoking command in '/home/tobi/Documents/DynamixelROS2/ros/build/dynamixel_sdk': CMAKE_PREFIX_PATH=${CMAKE_PREFIX_PATH}:/opt/ros/jazzy DEBUGINFOD_URLS=https://debuginfod.ubuntu.com /usr/bin/cmake /home/tobi/Documents/DynamixelROS2/ros/dynamixel_sdk -DAMENT_CMAKE_SYMLINK_INSTALL=1 -DCMAKE_INSTALL_PREFIX=/home/tobi/Documents/DynamixelROS2/ros/install/dynamixel_sdk
[0.188s] -- The C compiler identification is GNU 13.3.0
[0.312s] -- The CXX compiler identification is GNU 13.3.0
[0.345s] -- Detecting C compiler ABI info
[0.504s] -- Detecting C compiler ABI info - done
[0.515s] -- Check for working C compiler: /usr/bin/cc - skipped
[0.516s] -- Detecting C compile features
[0.517s] -- Detecting C compile features - done
[0.533s] -- Detecting CXX compiler ABI info
[0.700s] -- Detecting CXX compiler ABI info - done
[0.713s] -- Check for working CXX compiler: /usr/bin/c++ - skipped
[0.713s] -- Detecting CXX compile features
[0.714s] -- Detecting CXX compile features - done
[0.728s] -- Found ament_cmake: 2.5.4 (/opt/ros/jazzy/share/ament_cmake/cmake)
[0.966s] -- Found Python3: /usr/bin/python3 (found version "3.12.3") found components: Interpreter 
[1.075s] -- Override CMake install command with custom implementation using symlinks instead of copying resources
[1.370s] -- Configuring done (1.3s)
[1.375s] -- Generating done (0.0s)
[1.377s] -- Build files have been written to: /home/tobi/Documents/DynamixelROS2/ros/build/dynamixel_sdk
[1.383s] Invoked command in '/home/tobi/Documents/DynamixelROS2/ros/build/dynamixel_sdk' returned '0': CMAKE_PREFIX_PATH=${CMAKE_PREFIX_PATH}:/opt/ros/jazzy DEBUGINFOD_URLS=https://debuginfod.ubuntu.com /usr/bin/cmake /home/tobi/Documents/DynamixelROS2/ros/dynamixel_sdk -DAMENT_CMAKE_SYMLINK_INSTALL=1 -DCMAKE_INSTALL_PREFIX=/home/tobi/Documents/DynamixelROS2/ros/install/dynamixel_sdk
[1.385s] Invoking command in '/home/tobi/Documents/DynamixelROS2/ros/build/dynamixel_sdk': CMAKE_PREFIX_PATH=${CMAKE_PREFIX_PATH}:/opt/ros/jazzy DEBUGINFOD_URLS=https://debuginfod.ubuntu.com /usr/bin/cmake --build /home/tobi/Documents/DynamixelROS2/ros/build/dynamixel_sdk -- -j16 -l16
[1.452s] [ 92%] [32mBuilding CXX object CMakeFiles/dynamixel_sdk.dir/src/dynamixel_sdk/group_bulk_read.cpp.o[0m
[1.452s] [ 92%] [32mBuilding CXX object CMakeFiles/dynamixel_sdk.dir/src/dynamixel_sdk/group_fast_bulk_read.cpp.o[0m
[1.452s] [ 92%] [32mBuilding CXX object CMakeFiles/dynamixel_sdk.dir/src/dynamixel_sdk/port_handler_linux.cpp.o[0m
[1.452s] [ 92%] [32mBuilding CXX object CMakeFiles/dynamixel_sdk.dir/src/dynamixel_sdk/group_handler.cpp.o[0m
[1.453s] [ 92%] [32mBuilding CXX object CMakeFiles/dynamixel_sdk.dir/src/dynamixel_sdk/group_sync_read.cpp.o[0m
[1.453s] [ 92%] [32mBuilding CXX object CMakeFiles/dynamixel_sdk.dir/src/dynamixel_sdk/protocol1_packet_handler.cpp.o[0m
[1.453s] [ 92%] [32mBuilding CXX object CMakeFiles/dynamixel_sdk.dir/src/dynamixel_sdk/group_bulk_write.cpp.o[0m
[1.453s] [ 92%] [32mBuilding CXX object CMakeFiles/dynamixel_sdk.dir/src/dynamixel_sdk/packet_handler.cpp.o[0m
[1.453s] [ 92%] [32mBuilding CXX object CMakeFiles/dynamixel_sdk.dir/src/dynamixel_sdk/group_fast_sync_read.cpp.o[0m
[1.453s] [ 92%] [32mBuilding CXX object CMakeFiles/dynamixel_sdk.dir/src/dynamixel_sdk/protocol2_packet_handler.cpp.o[0m
[1.453s] [ 92%] [32mBuilding CXX object CMakeFiles/dynamixel_sdk.dir/src/dynamixel_sdk/group_sync_write.cpp.o[0m
[1.453s] [ 92%] [32mBuilding CXX object CMakeFiles/dynamixel_sdk.dir/src/dynamixel_sdk/port_handler.cpp.o[0m
[1.467s] [ 92%] Built target ament_cmake_python_symlink_dynamixel_sdk
[1.666s] running egg_info
[1.666s] creating dynamixel_sdk.egg-info
[1.679s] writing dynamixel_sdk.egg-info/PKG-INFO
[1.680s] writing dependency_links to dynamixel_sdk.egg-info/dependency_links.txt
[1.680s] writing top-level names to dynamixel_sdk.egg-info/top_level.txt
[1.680s] writing manifest file 'dynamixel_sdk.egg-info/SOURCES.txt'
[1.723s] reading manifest file 'dynamixel_sdk.egg-info/SOURCES.txt'
[1.724s] writing manifest file 'dynamixel_sdk.egg-info/SOURCES.txt'
[1.779s] [ 92%] Built target ament_cmake_python_build_dynamixel_sdk_egg
[1.851s] [100%] [32m[1mLinking CXX shared library libdynamixel_sdk.so[0m
[1.930s] [100%] Built target dynamixel_sdk
[1.945s] Invoked command in '/home/tobi/Documents/DynamixelROS2/ros/build/dynamixel_sdk' returned '0': CMAKE_PREFIX_PATH=${CMAKE_PREFIX_PATH}:/opt/ros/jazzy DEBUGINFOD_URLS=https://debuginfod.ubuntu.com /usr/bin/cmake --build /home/tobi/Documents/DynamixelROS2/ros/build/dynamixel_sdk -- -j16 -l16
[1.958s] Invoking command in '/home/tobi/Documents/DynamixelROS2/ros/build/dynamixel_sdk': CMAKE_PREFIX_PATH=${CMAKE_PREFIX_PATH}:/opt/ros/jazzy DEBUGINFOD_URLS=https://debuginfod.ubuntu.com /usr/bin/cmake --install /home/tobi/Documents/DynamixelROS2/ros/build/dynamixel_sdk
[1.967s] -- Install configuration: ""
[1.967s] -- Execute custom install script
[1.968s] -- Symlinking: /home/tobi/Documents/DynamixelROS2/ros/install/dynamixel_sdk/include//dynamixel_sdk/dynamixel_sdk.h
[1.978s] -- Symlinking: /home/tobi/Documents/DynamixelROS2/ros/install/dynamixel_sdk/include//dynamixel_sdk/group_bulk_read.h
[1.987s] -- Symlinking: /home/tobi/Documents/DynamixelROS2/ros/install/dynamixel_sdk/include//dynamixel_sdk/group_bulk_write.h
[1.997s] -- Symlinking: /home/tobi/Documents/DynamixelROS2/ros/install/dynamixel_sdk/include//dynamixel_sdk/group_fast_bulk_read.h
[2.009s] -- Symlinking: /home/tobi/Documents/DynamixelROS2/ros/install/dynamixel_sdk/include//dynamixel_sdk/group_fast_sync_read.h
[2.020s] -- Symlinking: /home/tobi/Documents/DynamixelROS2/ros/install/dynamixel_sdk/include//dynamixel_sdk/group_handler.h
[2.029s] -- Symlinking: /home/tobi/Documents/DynamixelROS2/ros/install/dynamixel_sdk/include//dynamixel_sdk/group_sync_read.h
[2.039s] -- Symlinking: /home/tobi/Documents/DynamixelROS2/ros/install/dynamixel_sdk/include//dynamixel_sdk/group_sync_write.h
[2.050s] -- Symlinking: /home/tobi/Documents/DynamixelROS2/ros/install/dynamixel_sdk/include//dynamixel_sdk/packet_handler.h
[2.060s] -- Symlinking: /home/tobi/Documents/DynamixelROS2/ros/install/dynamixel_sdk/include//dynamixel_sdk/port_handler.h
[2.071s] -- Symlinking: /home/tobi/Documents/DynamixelROS2/ros/install/dynamixel_sdk/include//dynamixel_sdk/port_handler_arduino.h
[2.080s] -- Symlinking: /home/tobi/Documents/DynamixelROS2/ros/install/dynamixel_sdk/include//dynamixel_sdk/port_handler_linux.h
[2.090s] -- Symlinking: /home/tobi/Documents/DynamixelROS2/ros/install/dynamixel_sdk/include//dynamixel_sdk/port_handler_mac.h
[2.102s] -- Symlinking: /home/tobi/Documents/DynamixelROS2/ros/install/dynamixel_sdk/include//dynamixel_sdk/port_handler_windows.h
[2.116s] -- Symlinking: /home/tobi/Documents/DynamixelROS2/ros/install/dynamixel_sdk/include//dynamixel_sdk/protocol1_packet_handler.h
[2.126s] -- Symlinking: /home/tobi/Documents/DynamixelROS2/ros/install/dynamixel_sdk/include//dynamixel_sdk/protocol2_packet_handler.h
[2.137s] -- Symlinking: /home/tobi/Documents/DynamixelROS2/ros/install/dynamixel_sdk/share/dynamixel_sdk/environment/pythonpath.sh
[2.149s] -- Symlinking: /home/tobi/Documents/DynamixelROS2/ros/install/dynamixel_sdk/share/dynamixel_sdk/environment/pythonpath.dsv
[2.159s] -- Symlinking: /home/tobi/Documents/DynamixelROS2/ros/install/dynamixel_sdk/lib/python3.12/site-packages/dynamixel_sdk-3.8.4-py3.12.egg-info/PKG-INFO
[2.168s] -- Symlinking: /home/tobi/Documents/DynamixelROS2/ros/install/dynamixel_sdk/lib/python3.12/site-packages/dynamixel_sdk-3.8.4-py3.12.egg-info/SOURCES.txt
[2.177s] -- Symlinking: /home/tobi/Documents/DynamixelROS2/ros/install/dynamixel_sdk/lib/python3.12/site-packages/dynamixel_sdk-3.8.4-py3.12.egg-info/dependency_links.txt
[2.186s] -- Symlinking: /home/tobi/Documents/DynamixelROS2/ros/install/dynamixel_sdk/lib/python3.12/site-packages/dynamixel_sdk-3.8.4-py3.12.egg-info/top_level.txt
[2.195s] -- Symlinking: /home/tobi/Documents/DynamixelROS2/ros/install/dynamixel_sdk/lib/python3.12/site-packages/dynamixel_sdk/__init__.py
[2.203s] -- Symlinking: /home/tobi/Documents/DynamixelROS2/ros/install/dynamixel_sdk/lib/python3.12/site-packages/dynamixel_sdk/group_bulk_read.cpp
[2.213s] -- Symlinking: /home/tobi/Documents/DynamixelROS2/ros/install/dynamixel_sdk/lib/python3.12/site-packages/dynamixel_sdk/group_bulk_read.py
[2.222s] -- Symlinking: /home/tobi/Documents/DynamixelROS2/ros/install/dynamixel_sdk/lib/python3.12/site-packages/dynamixel_sdk/group_bulk_write.cpp
[2.231s] -- Symlinking: /home/tobi/Documents/DynamixelROS2/ros/install/dynamixel_sdk/lib/python3.12/site-packages/dynamixel_sdk/group_bulk_write.py
[2.239s] -- Symlinking: /home/tobi/Documents/DynamixelROS2/ros/install/dynamixel_sdk/lib/python3.12/site-packages/dynamixel_sdk/group_fast_bulk_read.cpp
[2.249s] -- Symlinking: /home/tobi/Documents/DynamixelROS2/ros/install/dynamixel_sdk/lib/python3.12/site-packages/dynamixel_sdk/group_fast_sync_read.cpp
[2.258s] -- Symlinking: /home/tobi/Documents/DynamixelROS2/ros/install/dynamixel_sdk/lib/python3.12/site-packages/dynamixel_sdk/group_handler.cpp
[2.265s] -- Symlinking: /home/tobi/Documents/DynamixelROS2/ros/install/dynamixel_sdk/lib/python3.12/site-packages/dynamixel_sdk/group_sync_read.cpp
[2.273s] -- Symlinking: /home/tobi/Documents/DynamixelROS2/ros/install/dynamixel_sdk/lib/python3.12/site-packages/dynamixel_sdk/group_sync_read.py
[2.282s] -- Symlinking: /home/tobi/Documents/DynamixelROS2/ros/install/dynamixel_sdk/lib/python3.12/site-packages/dynamixel_sdk/group_sync_write.cpp
[2.291s] -- Symlinking: /home/tobi/Documents/DynamixelROS2/ros/install/dynamixel_sdk/lib/python3.12/site-packages/dynamixel_sdk/group_sync_write.py
[2.299s] -- Symlinking: /home/tobi/Documents/DynamixelROS2/ros/install/dynamixel_sdk/lib/python3.12/site-packages/dynamixel_sdk/packet_handler.cpp
[2.310s] -- Symlinking: /home/tobi/Documents/DynamixelROS2/ros/install/dynamixel_sdk/lib/python3.12/site-packages/dynamixel_sdk/packet_handler.py
[2.318s] -- Symlinking: /home/tobi/Documents/DynamixelROS2/ros/install/dynamixel_sdk/lib/python3.12/site-packages/dynamixel_sdk/port_handler.cpp
[2.327s] -- Symlinking: /home/tobi/Documents/DynamixelROS2/ros/install/dynamixel_sdk/lib/python3.12/site-packages/dynamixel_sdk/port_handler.py
[2.335s] -- Symlinking: /home/tobi/Documents/DynamixelROS2/ros/install/dynamixel_sdk/lib/python3.12/site-packages/dynamixel_sdk/port_handler_arduino.cpp
[2.343s] -- Symlinking: /home/tobi/Documents/DynamixelROS2/ros/install/dynamixel_sdk/lib/python3.12/site-packages/dynamixel_sdk/port_handler_linux.cpp
[2.350s] -- Symlinking: /home/tobi/Documents/DynamixelROS2/ros/install/dynamixel_sdk/lib/python3.12/site-packages/dynamixel_sdk/port_handler_mac.cpp
[2.358s] -- Symlinking: /home/tobi/Documents/DynamixelROS2/ros/install/dynamixel_sdk/lib/python3.12/site-packages/dynamixel_sdk/port_handler_windows.cpp
[2.366s] -- Symlinking: /home/tobi/Documents/DynamixelROS2/ros/install/dynamixel_sdk/lib/python3.12/site-packages/dynamixel_sdk/protocol1_packet_handler.cpp
[2.376s] -- Symlinking: /home/tobi/Documents/DynamixelROS2/ros/install/dynamixel_sdk/lib/python3.12/site-packages/dynamixel_sdk/protocol1_packet_handler.py
[2.384s] -- Symlinking: /home/tobi/Documents/DynamixelROS2/ros/install/dynamixel_sdk/lib/python3.12/site-packages/dynamixel_sdk/protocol2_packet_handler.cpp
[2.395s] -- Symlinking: /home/tobi/Documents/DynamixelROS2/ros/install/dynamixel_sdk/lib/python3.12/site-packages/dynamixel_sdk/protocol2_packet_handler.py
[2.403s] -- Symlinking: /home/tobi/Documents/DynamixelROS2/ros/install/dynamixel_sdk/lib/python3.12/site-packages/dynamixel_sdk/robotis_def.py
[2.413s] -- Symlinking: /home/tobi/Documents/DynamixelROS2/ros/install/dynamixel_sdk/share/dynamixel_sdk/environment/library_path.sh
[2.422s] -- Symlinking: /home/tobi/Documents/DynamixelROS2/ros/install/dynamixel_sdk/share/dynamixel_sdk/environment/library_path.dsv
[2.430s] -- Symlinking: /home/tobi/Documents/DynamixelROS2/ros/install/dynamixel_sdk/share/ament_index/resource_index/package_run_dependencies/dynamixel_sdk
[2.440s] -- Symlinking: /home/tobi/Documents/DynamixelROS2/ros/install/dynamixel_sdk/share/ament_index/resource_index/parent_prefix_path/dynamixel_sdk
[2.449s] -- Symlinking: /home/tobi/Documents/DynamixelROS2/ros/install/dynamixel_sdk/share/dynamixel_sdk/environment/ament_prefix_path.sh
[2.459s] -- Symlinking: /home/tobi/Documents/DynamixelROS2/ros/install/dynamixel_sdk/share/dynamixel_sdk/environment/ament_prefix_path.dsv
[2.469s] -- Symlinking: /home/tobi/Documents/DynamixelROS2/ros/install/dynamixel_sdk/share/dynamixel_sdk/environment/path.sh
[2.478s] -- Symlinking: /home/tobi/Documents/DynamixelROS2/ros/install/dynamixel_sdk/share/dynamixel_sdk/environment/path.dsv
[2.486s] -- Symlinking: /home/tobi/Documents/DynamixelROS2/ros/install/dynamixel_sdk/share/dynamixel_sdk/local_setup.bash
[2.494s] -- Symlinking: /home/tobi/Documents/DynamixelROS2/ros/install/dynamixel_sdk/share/dynamixel_sdk/local_setup.sh
[2.501s] -- Symlinking: /home/tobi/Documents/DynamixelROS2/ros/install/dynamixel_sdk/share/dynamixel_sdk/local_setup.zsh
[2.512s] -- Symlinking: /home/tobi/Documents/DynamixelROS2/ros/install/dynamixel_sdk/share/dynamixel_sdk/local_setup.dsv
[2.520s] -- Symlinking: /home/tobi/Documents/DynamixelROS2/ros/install/dynamixel_sdk/share/dynamixel_sdk/package.dsv
[2.529s] -- Symlinking: /home/tobi/Documents/DynamixelROS2/ros/install/dynamixel_sdk/share/ament_index/resource_index/packages/dynamixel_sdk
[2.537s] -- Symlinking: /home/tobi/Documents/DynamixelROS2/ros/install/dynamixel_sdk/share/dynamixel_sdk/cmake/ament_cmake_export_targets-extras.cmake
[2.545s] -- Symlinking: /home/tobi/Documents/DynamixelROS2/ros/install/dynamixel_sdk/share/dynamixel_sdk/cmake/ament_cmake_export_include_directories-extras.cmake
[2.552s] -- Symlinking: /home/tobi/Documents/DynamixelROS2/ros/install/dynamixel_sdk/share/dynamixel_sdk/cmake/ament_cmake_export_libraries-extras.cmake
[2.562s] -- Symlinking: /home/tobi/Documents/DynamixelROS2/ros/install/dynamixel_sdk/share/dynamixel_sdk/cmake/dynamixel_sdkConfig.cmake
[2.569s] -- Symlinking: /home/tobi/Documents/DynamixelROS2/ros/install/dynamixel_sdk/share/dynamixel_sdk/cmake/dynamixel_sdkConfig-version.cmake
[2.577s] -- Symlinking: /home/tobi/Documents/DynamixelROS2/ros/install/dynamixel_sdk/share/dynamixel_sdk/package.xml
[2.585s] -- Installing: /home/tobi/Documents/DynamixelROS2/ros/install/dynamixel_sdk/lib/libdynamixel_sdk.so
[2.622s] Listing '/home/tobi/Documents/DynamixelROS2/ros/install/dynamixel_sdk/lib/python3.12/site-packages/dynamixel_sdk'...
[2.622s] Compiling '/home/tobi/Documents/DynamixelROS2/ros/install/dynamixel_sdk/lib/python3.12/site-packages/dynamixel_sdk/__init__.py'...
[2.622s] Compiling '/home/tobi/Documents/DynamixelROS2/ros/install/dynamixel_sdk/lib/python3.12/site-packages/dynamixel_sdk/group_bulk_read.py'...
[2.622s] Compiling '/home/tobi/Documents/DynamixelROS2/ros/install/dynamixel_sdk/lib/python3.12/site-packages/dynamixel_sdk/group_bulk_write.py'...
[2.622s] Compiling '/home/tobi/Documents/DynamixelROS2/ros/install/dynamixel_sdk/lib/python3.12/site-packages/dynamixel_sdk/group_sync_read.py'...
[2.622s] Compiling '/home/tobi/Documents/DynamixelROS2/ros/install/dynamixel_sdk/lib/python3.12/site-packages/dynamixel_sdk/group_sync_write.py'...
[2.622s] Compiling '/home/tobi/Documents/DynamixelROS2/ros/install/dynamixel_sdk/lib/python3.12/site-packages/dynamixel_sdk/packet_handler.py'...
[2.622s] Compiling '/home/tobi/Documents/DynamixelROS2/ros/install/dynamixel_sdk/lib/python3.12/site-packages/dynamixel_sdk/port_handler.py'...
[2.622s] Compiling '/home/tobi/Documents/DynamixelROS2/ros/install/dynamixel_sdk/lib/python3.12/site-packages/dynamixel_sdk/protocol1_packet_handler.py'...
[2.622s] Compiling '/home/tobi/Documents/DynamixelROS2/ros/install/dynamixel_sdk/lib/python3.12/site-packages/dynamixel_sdk/protocol2_packet_handler.py'...
[2.622s] Compiling '/home/tobi/Documents/DynamixelROS2/ros/install/dynamixel_sdk/lib/python3.12/site-packages/dynamixel_sdk/robotis_def.py'...
[2.626s] -- Installing: /home/tobi/Documents/DynamixelROS2/ros/install/dynamixel_sdk/share/dynamixel_sdk/cmake/dynamixel_sdkExport.cmake
[2.626s] -- Installing: /home/tobi/Documents/DynamixelROS2/ros/install/dynamixel_sdk/share/dynamixel_sdk/cmake/dynamixel_sdkExport-noconfig.cmake
[2.628s] Invoked command in '/home/tobi/Documents/DynamixelROS2/ros/build/dynamixel_sdk' returned '0': CMAKE_PREFIX_PATH=${CMAKE_PREFIX_PATH}:/opt/ros/jazzy DEBUGINFOD_URLS=https://debuginfod.ubuntu.com /usr/bin/cmake --install /home/tobi/Documents/DynamixelROS2/ros/build/dynamixel_sdk
