[0.255s] DEBUG:colcon:Command line arguments: ['/usr/bin/colcon', 'build', '--symlink-install']
[0.255s] DEBUG:colcon:Parsed command line arguments: Namespace(log_base=None, log_level=None, verb_name='build', build_base='build', install_base='install', merge_install=False, symlink_install=True, test_result_base=None, continue_on_error=False, executor='parallel', parallel_workers=16, event_handlers=None, ignore_user_meta=False, metas=['./colcon.meta'], base_paths=['.'], packages_ignore=None, packages_ignore_regex=None, paths=None, packages_up_to=None, packages_up_to_regex=None, packages_above=None, packages_above_and_dependencies=None, packages_above_depth=None, packages_select_by_dep=None, packages_skip_by_dep=None, packages_skip_up_to=None, packages_select_build_failed=False, packages_skip_build_finished=False, packages_select_test_failures=False, packages_skip_test_passed=False, packages_select=None, packages_skip=None, packages_select_regex=None, packages_skip_regex=None, packages_start=None, packages_end=None, allow_overriding=[], cmake_args=None, cmake_target=None, cmake_target_skip_unavailable=False, cmake_clean_cache=False, cmake_clean_first=False, cmake_force_configure=False, ament_cmake_args=None, catkin_cmake_args=None, catkin_skip_building_tests=False, mixin_files=None, mixin=None, verb_parser=<colcon_mixin.mixin.mixin_argument.MixinArgumentDecorator object at 0x72bc6ca9f560>, verb_extension=<colcon_core.verb.build.BuildVerb object at 0x72bc6d8c26c0>, main=<bound method BuildVerb.main of <colcon_core.verb.build.BuildVerb object at 0x72bc6d8c26c0>>, mixin_verb=('build',))
[0.321s] Level 1:colcon.colcon_core.package_discovery:discover_packages(colcon_meta) check parameters
[0.321s] Level 1:colcon.colcon_core.package_discovery:discover_packages(recursive) check parameters
[0.321s] Level 1:colcon.colcon_core.package_discovery:discover_packages(ignore) check parameters
[0.322s] Level 1:colcon.colcon_core.package_discovery:discover_packages(path) check parameters
[0.322s] Level 1:colcon.colcon_core.package_discovery:discover_packages(colcon_meta) discover
[0.322s] Level 1:colcon.colcon_core.package_discovery:discover_packages(recursive) discover
[0.322s] INFO:colcon.colcon_core.package_discovery:Crawling recursively for packages in '/home/tobi/Documents/DynamixelROS2/ros'
[0.322s] Level 1:colcon.colcon_core.package_identification:_identify(.) by extensions ['ignore', 'ignore_ament_install']
[0.322s] Level 1:colcon.colcon_core.package_identification:_identify(.) by extension 'ignore'
[0.322s] Level 1:colcon.colcon_core.package_identification:_identify(.) by extension 'ignore_ament_install'
[0.322s] Level 1:colcon.colcon_core.package_identification:_identify(.) by extensions ['colcon_pkg']
[0.322s] Level 1:colcon.colcon_core.package_identification:_identify(.) by extension 'colcon_pkg'
[0.322s] Level 1:colcon.colcon_core.package_identification:_identify(.) by extensions ['colcon_meta']
[0.322s] Level 1:colcon.colcon_core.package_identification:_identify(.) by extension 'colcon_meta'
[0.322s] Level 1:colcon.colcon_core.package_identification:_identify(.) by extensions ['ros']
[0.322s] Level 1:colcon.colcon_core.package_identification:_identify(.) by extension 'ros'
[0.358s] Level 1:colcon.colcon_core.package_identification:_identify(.) by extensions ['cmake', 'python']
[0.358s] Level 1:colcon.colcon_core.package_identification:_identify(.) by extension 'cmake'
[0.358s] Level 1:colcon.colcon_core.package_identification:_identify(.) by extension 'python'
[0.358s] Level 1:colcon.colcon_core.package_identification:_identify(.) by extensions ['python_setup_py']
[0.358s] Level 1:colcon.colcon_core.package_identification:_identify(.) by extension 'python_setup_py'
[0.359s] Level 1:colcon.colcon_core.package_identification:_identify(build) by extensions ['ignore', 'ignore_ament_install']
[0.359s] Level 1:colcon.colcon_core.package_identification:_identify(build) by extension 'ignore'
[0.359s] Level 1:colcon.colcon_core.package_identification:_identify(build) ignored
[0.359s] Level 1:colcon.colcon_core.package_identification:_identify(dynamixel_sdk) by extensions ['ignore', 'ignore_ament_install']
[0.359s] Level 1:colcon.colcon_core.package_identification:_identify(dynamixel_sdk) by extension 'ignore'
[0.359s] Level 1:colcon.colcon_core.package_identification:_identify(dynamixel_sdk) by extension 'ignore_ament_install'
[0.359s] Level 1:colcon.colcon_core.package_identification:_identify(dynamixel_sdk) by extensions ['colcon_pkg']
[0.359s] Level 1:colcon.colcon_core.package_identification:_identify(dynamixel_sdk) by extension 'colcon_pkg'
[0.359s] Level 1:colcon.colcon_core.package_identification:_identify(dynamixel_sdk) by extensions ['colcon_meta']
[0.359s] Level 1:colcon.colcon_core.package_identification:_identify(dynamixel_sdk) by extension 'colcon_meta'
[0.359s] Level 1:colcon.colcon_core.package_identification:_identify(dynamixel_sdk) by extensions ['ros']
[0.359s] Level 1:colcon.colcon_core.package_identification:_identify(dynamixel_sdk) by extension 'ros'
[0.362s] DEBUG:colcon.colcon_core.package_identification:Package 'dynamixel_sdk' with type 'ros.ament_cmake' and name 'dynamixel_sdk'
[0.363s] Level 1:colcon.colcon_core.package_identification:_identify(dynamixel_sdk_custom_interfaces) by extensions ['ignore', 'ignore_ament_install']
[0.363s] Level 1:colcon.colcon_core.package_identification:_identify(dynamixel_sdk_custom_interfaces) by extension 'ignore'
[0.363s] Level 1:colcon.colcon_core.package_identification:_identify(dynamixel_sdk_custom_interfaces) by extension 'ignore_ament_install'
[0.363s] Level 1:colcon.colcon_core.package_identification:_identify(dynamixel_sdk_custom_interfaces) by extensions ['colcon_pkg']
[0.363s] Level 1:colcon.colcon_core.package_identification:_identify(dynamixel_sdk_custom_interfaces) by extension 'colcon_pkg'
[0.363s] Level 1:colcon.colcon_core.package_identification:_identify(dynamixel_sdk_custom_interfaces) by extensions ['colcon_meta']
[0.363s] Level 1:colcon.colcon_core.package_identification:_identify(dynamixel_sdk_custom_interfaces) by extension 'colcon_meta'
[0.363s] Level 1:colcon.colcon_core.package_identification:_identify(dynamixel_sdk_custom_interfaces) by extensions ['ros']
[0.363s] Level 1:colcon.colcon_core.package_identification:_identify(dynamixel_sdk_custom_interfaces) by extension 'ros'
[0.364s] DEBUG:colcon.colcon_core.package_identification:Package 'dynamixel_sdk_custom_interfaces' with type 'ros.ament_cmake' and name 'dynamixel_sdk_custom_interfaces'
[0.364s] Level 1:colcon.colcon_core.package_identification:_identify(dynamixel_sdk_examples) by extensions ['ignore', 'ignore_ament_install']
[0.364s] Level 1:colcon.colcon_core.package_identification:_identify(dynamixel_sdk_examples) by extension 'ignore'
[0.364s] Level 1:colcon.colcon_core.package_identification:_identify(dynamixel_sdk_examples) by extension 'ignore_ament_install'
[0.364s] Level 1:colcon.colcon_core.package_identification:_identify(dynamixel_sdk_examples) by extensions ['colcon_pkg']
[0.364s] Level 1:colcon.colcon_core.package_identification:_identify(dynamixel_sdk_examples) by extension 'colcon_pkg'
[0.364s] Level 1:colcon.colcon_core.package_identification:_identify(dynamixel_sdk_examples) by extensions ['colcon_meta']
[0.364s] Level 1:colcon.colcon_core.package_identification:_identify(dynamixel_sdk_examples) by extension 'colcon_meta'
[0.364s] Level 1:colcon.colcon_core.package_identification:_identify(dynamixel_sdk_examples) by extensions ['ros']
[0.364s] Level 1:colcon.colcon_core.package_identification:_identify(dynamixel_sdk_examples) by extension 'ros'
[0.365s] DEBUG:colcon.colcon_core.package_identification:Package 'dynamixel_sdk_examples' with type 'ros.ament_cmake' and name 'dynamixel_sdk_examples'
[0.365s] Level 1:colcon.colcon_core.package_identification:_identify(install) by extensions ['ignore', 'ignore_ament_install']
[0.365s] Level 1:colcon.colcon_core.package_identification:_identify(install) by extension 'ignore'
[0.365s] Level 1:colcon.colcon_core.package_identification:_identify(install) ignored
[0.365s] Level 1:colcon.colcon_core.package_identification:_identify(log) by extensions ['ignore', 'ignore_ament_install']
[0.365s] Level 1:colcon.colcon_core.package_identification:_identify(log) by extension 'ignore'
[0.365s] Level 1:colcon.colcon_core.package_identification:_identify(log) ignored
[0.365s] Level 1:colcon.colcon_core.package_discovery:discover_packages(recursive) using defaults
[0.365s] Level 1:colcon.colcon_core.package_discovery:discover_packages(ignore) discover
[0.365s] Level 1:colcon.colcon_core.package_discovery:discover_packages(ignore) using defaults
[0.365s] Level 1:colcon.colcon_core.package_discovery:discover_packages(path) discover
[0.365s] Level 1:colcon.colcon_core.package_discovery:discover_packages(path) using defaults
[0.392s] Level 1:colcon.colcon_core.package_discovery:discover_packages(prefix_path) check parameters
[0.392s] Level 1:colcon.colcon_core.package_discovery:discover_packages(prefix_path) discover
[0.398s] DEBUG:colcon.colcon_installed_package_information.package_discovery:Found 424 installed packages in /opt/ros/jazzy
[0.400s] Level 1:colcon.colcon_core.package_discovery:discover_packages(prefix_path) using defaults
[0.463s] Level 5:colcon.colcon_core.verb:set package 'dynamixel_sdk' build argument 'cmake_args' from command line to 'None'
[0.463s] Level 5:colcon.colcon_core.verb:set package 'dynamixel_sdk' build argument 'cmake_target' from command line to 'None'
[0.463s] Level 5:colcon.colcon_core.verb:set package 'dynamixel_sdk' build argument 'cmake_target_skip_unavailable' from command line to 'False'
[0.463s] Level 5:colcon.colcon_core.verb:set package 'dynamixel_sdk' build argument 'cmake_clean_cache' from command line to 'False'
[0.463s] Level 5:colcon.colcon_core.verb:set package 'dynamixel_sdk' build argument 'cmake_clean_first' from command line to 'False'
[0.463s] Level 5:colcon.colcon_core.verb:set package 'dynamixel_sdk' build argument 'cmake_force_configure' from command line to 'False'
[0.463s] Level 5:colcon.colcon_core.verb:set package 'dynamixel_sdk' build argument 'ament_cmake_args' from command line to 'None'
[0.463s] Level 5:colcon.colcon_core.verb:set package 'dynamixel_sdk' build argument 'catkin_cmake_args' from command line to 'None'
[0.463s] Level 5:colcon.colcon_core.verb:set package 'dynamixel_sdk' build argument 'catkin_skip_building_tests' from command line to 'False'
[0.463s] DEBUG:colcon.colcon_core.verb:Building package 'dynamixel_sdk' with the following arguments: {'ament_cmake_args': None, 'build_base': '/home/tobi/Documents/DynamixelROS2/ros/build/dynamixel_sdk', 'catkin_cmake_args': None, 'catkin_skip_building_tests': False, 'cmake_args': None, 'cmake_clean_cache': False, 'cmake_clean_first': False, 'cmake_force_configure': False, 'cmake_target': None, 'cmake_target_skip_unavailable': False, 'install_base': '/home/tobi/Documents/DynamixelROS2/ros/install/dynamixel_sdk', 'merge_install': False, 'path': '/home/tobi/Documents/DynamixelROS2/ros/dynamixel_sdk', 'symlink_install': True, 'test_result_base': None}
[0.464s] Level 5:colcon.colcon_core.verb:set package 'dynamixel_sdk_custom_interfaces' build argument 'cmake_args' from command line to 'None'
[0.464s] Level 5:colcon.colcon_core.verb:set package 'dynamixel_sdk_custom_interfaces' build argument 'cmake_target' from command line to 'None'
[0.464s] Level 5:colcon.colcon_core.verb:set package 'dynamixel_sdk_custom_interfaces' build argument 'cmake_target_skip_unavailable' from command line to 'False'
[0.464s] Level 5:colcon.colcon_core.verb:set package 'dynamixel_sdk_custom_interfaces' build argument 'cmake_clean_cache' from command line to 'False'
[0.464s] Level 5:colcon.colcon_core.verb:set package 'dynamixel_sdk_custom_interfaces' build argument 'cmake_clean_first' from command line to 'False'
[0.464s] Level 5:colcon.colcon_core.verb:set package 'dynamixel_sdk_custom_interfaces' build argument 'cmake_force_configure' from command line to 'False'
[0.464s] Level 5:colcon.colcon_core.verb:set package 'dynamixel_sdk_custom_interfaces' build argument 'ament_cmake_args' from command line to 'None'
[0.464s] Level 5:colcon.colcon_core.verb:set package 'dynamixel_sdk_custom_interfaces' build argument 'catkin_cmake_args' from command line to 'None'
[0.464s] Level 5:colcon.colcon_core.verb:set package 'dynamixel_sdk_custom_interfaces' build argument 'catkin_skip_building_tests' from command line to 'False'
[0.464s] DEBUG:colcon.colcon_core.verb:Building package 'dynamixel_sdk_custom_interfaces' with the following arguments: {'ament_cmake_args': None, 'build_base': '/home/tobi/Documents/DynamixelROS2/ros/build/dynamixel_sdk_custom_interfaces', 'catkin_cmake_args': None, 'catkin_skip_building_tests': False, 'cmake_args': None, 'cmake_clean_cache': False, 'cmake_clean_first': False, 'cmake_force_configure': False, 'cmake_target': None, 'cmake_target_skip_unavailable': False, 'install_base': '/home/tobi/Documents/DynamixelROS2/ros/install/dynamixel_sdk_custom_interfaces', 'merge_install': False, 'path': '/home/tobi/Documents/DynamixelROS2/ros/dynamixel_sdk_custom_interfaces', 'symlink_install': True, 'test_result_base': None}
[0.464s] Level 5:colcon.colcon_core.verb:set package 'dynamixel_sdk_examples' build argument 'cmake_args' from command line to 'None'
[0.464s] Level 5:colcon.colcon_core.verb:set package 'dynamixel_sdk_examples' build argument 'cmake_target' from command line to 'None'
[0.464s] Level 5:colcon.colcon_core.verb:set package 'dynamixel_sdk_examples' build argument 'cmake_target_skip_unavailable' from command line to 'False'
[0.464s] Level 5:colcon.colcon_core.verb:set package 'dynamixel_sdk_examples' build argument 'cmake_clean_cache' from command line to 'False'
[0.464s] Level 5:colcon.colcon_core.verb:set package 'dynamixel_sdk_examples' build argument 'cmake_clean_first' from command line to 'False'
[0.464s] Level 5:colcon.colcon_core.verb:set package 'dynamixel_sdk_examples' build argument 'cmake_force_configure' from command line to 'False'
[0.464s] Level 5:colcon.colcon_core.verb:set package 'dynamixel_sdk_examples' build argument 'ament_cmake_args' from command line to 'None'
[0.464s] Level 5:colcon.colcon_core.verb:set package 'dynamixel_sdk_examples' build argument 'catkin_cmake_args' from command line to 'None'
[0.464s] Level 5:colcon.colcon_core.verb:set package 'dynamixel_sdk_examples' build argument 'catkin_skip_building_tests' from command line to 'False'
[0.464s] DEBUG:colcon.colcon_core.verb:Building package 'dynamixel_sdk_examples' with the following arguments: {'ament_cmake_args': None, 'build_base': '/home/tobi/Documents/DynamixelROS2/ros/build/dynamixel_sdk_examples', 'catkin_cmake_args': None, 'catkin_skip_building_tests': False, 'cmake_args': None, 'cmake_clean_cache': False, 'cmake_clean_first': False, 'cmake_force_configure': False, 'cmake_target': None, 'cmake_target_skip_unavailable': False, 'install_base': '/home/tobi/Documents/DynamixelROS2/ros/install/dynamixel_sdk_examples', 'merge_install': False, 'path': '/home/tobi/Documents/DynamixelROS2/ros/dynamixel_sdk_examples', 'symlink_install': True, 'test_result_base': None}
[0.464s] INFO:colcon.colcon_core.executor:Executing jobs using 'parallel' executor
[0.466s] DEBUG:colcon.colcon_parallel_executor.executor.parallel:run_until_complete
[0.466s] INFO:colcon.colcon_ros.task.ament_cmake.build:Building ROS package in '/home/tobi/Documents/DynamixelROS2/ros/dynamixel_sdk' with build type 'ament_cmake'
[0.466s] INFO:colcon.colcon_cmake.task.cmake.build:Building CMake package in '/home/tobi/Documents/DynamixelROS2/ros/dynamixel_sdk'
[0.474s] INFO:colcon.colcon_core.plugin_system:Skipping extension 'colcon_core.shell.bat': Not used on non-Windows systems
[0.474s] INFO:colcon.colcon_core.shell:Skip shell extension 'powershell' for command environment: Not usable outside of PowerShell
[0.474s] DEBUG:colcon.colcon_core.shell:Skip shell extension 'dsv' for command environment
[0.480s] INFO:colcon.colcon_ros.task.ament_cmake.build:Building ROS package in '/home/tobi/Documents/DynamixelROS2/ros/dynamixel_sdk_custom_interfaces' with build type 'ament_cmake'
[0.480s] INFO:colcon.colcon_cmake.task.cmake.build:Building CMake package in '/home/tobi/Documents/DynamixelROS2/ros/dynamixel_sdk_custom_interfaces'
[0.481s] INFO:colcon.colcon_core.shell:Skip shell extension 'powershell' for command environment: Not usable outside of PowerShell
[0.481s] DEBUG:colcon.colcon_core.shell:Skip shell extension 'dsv' for command environment
[0.489s] DEBUG:colcon.colcon_core.event_handler.log_command:Invoking command in '/home/tobi/Documents/DynamixelROS2/ros/build/dynamixel_sdk': CMAKE_PREFIX_PATH=${CMAKE_PREFIX_PATH}:/opt/ros/jazzy DEBUGINFOD_URLS=https://debuginfod.ubuntu.com /usr/bin/cmake /home/tobi/Documents/DynamixelROS2/ros/dynamixel_sdk -DAMENT_CMAKE_SYMLINK_INSTALL=1 -DCMAKE_INSTALL_PREFIX=/home/tobi/Documents/DynamixelROS2/ros/install/dynamixel_sdk
[0.496s] DEBUG:colcon.colcon_core.event_handler.log_command:Invoking command in '/home/tobi/Documents/DynamixelROS2/ros/build/dynamixel_sdk_custom_interfaces': CMAKE_PREFIX_PATH=${CMAKE_PREFIX_PATH}:/opt/ros/jazzy DEBUGINFOD_URLS=https://debuginfod.ubuntu.com /usr/bin/cmake /home/tobi/Documents/DynamixelROS2/ros/dynamixel_sdk_custom_interfaces -DAMENT_CMAKE_SYMLINK_INSTALL=1 -DCMAKE_INSTALL_PREFIX=/home/tobi/Documents/DynamixelROS2/ros/install/dynamixel_sdk_custom_interfaces
[1.850s] DEBUG:colcon.colcon_core.event_handler.log_command:Invoked command in '/home/tobi/Documents/DynamixelROS2/ros/build/dynamixel_sdk' returned '0': CMAKE_PREFIX_PATH=${CMAKE_PREFIX_PATH}:/opt/ros/jazzy DEBUGINFOD_URLS=https://debuginfod.ubuntu.com /usr/bin/cmake /home/tobi/Documents/DynamixelROS2/ros/dynamixel_sdk -DAMENT_CMAKE_SYMLINK_INSTALL=1 -DCMAKE_INSTALL_PREFIX=/home/tobi/Documents/DynamixelROS2/ros/install/dynamixel_sdk
[1.852s] DEBUG:colcon.colcon_core.event_handler.log_command:Invoking command in '/home/tobi/Documents/DynamixelROS2/ros/build/dynamixel_sdk': CMAKE_PREFIX_PATH=${CMAKE_PREFIX_PATH}:/opt/ros/jazzy DEBUGINFOD_URLS=https://debuginfod.ubuntu.com /usr/bin/cmake --build /home/tobi/Documents/DynamixelROS2/ros/build/dynamixel_sdk -- -j16 -l16
[2.412s] DEBUG:colcon.colcon_core.event_handler.log_command:Invoked command in '/home/tobi/Documents/DynamixelROS2/ros/build/dynamixel_sdk' returned '0': CMAKE_PREFIX_PATH=${CMAKE_PREFIX_PATH}:/opt/ros/jazzy DEBUGINFOD_URLS=https://debuginfod.ubuntu.com /usr/bin/cmake --build /home/tobi/Documents/DynamixelROS2/ros/build/dynamixel_sdk -- -j16 -l16
[2.425s] DEBUG:colcon.colcon_core.event_handler.log_command:Invoking command in '/home/tobi/Documents/DynamixelROS2/ros/build/dynamixel_sdk': CMAKE_PREFIX_PATH=${CMAKE_PREFIX_PATH}:/opt/ros/jazzy DEBUGINFOD_URLS=https://debuginfod.ubuntu.com /usr/bin/cmake --install /home/tobi/Documents/DynamixelROS2/ros/build/dynamixel_sdk
[3.095s] Level 1:colcon.colcon_core.environment:create_environment_scripts_only(dynamixel_sdk)
[3.095s] DEBUG:colcon.colcon_core.event_handler.log_command:Invoked command in '/home/tobi/Documents/DynamixelROS2/ros/build/dynamixel_sdk' returned '0': CMAKE_PREFIX_PATH=${CMAKE_PREFIX_PATH}:/opt/ros/jazzy DEBUGINFOD_URLS=https://debuginfod.ubuntu.com /usr/bin/cmake --install /home/tobi/Documents/DynamixelROS2/ros/build/dynamixel_sdk
[3.100s] Level 1:colcon.colcon_core.environment:checking '/home/tobi/Documents/DynamixelROS2/ros/install/dynamixel_sdk' for CMake module files
[3.100s] Level 1:colcon.colcon_core.environment:checking '/home/tobi/Documents/DynamixelROS2/ros/install/dynamixel_sdk' for CMake config files
[3.100s] Level 1:colcon.colcon_core.shell:create_environment_hook('dynamixel_sdk', 'cmake_prefix_path')
[3.100s] INFO:colcon.colcon_core.shell:Creating environment hook '/home/tobi/Documents/DynamixelROS2/ros/install/dynamixel_sdk/share/dynamixel_sdk/hook/cmake_prefix_path.ps1'
[3.101s] INFO:colcon.colcon_core.shell:Creating environment descriptor '/home/tobi/Documents/DynamixelROS2/ros/install/dynamixel_sdk/share/dynamixel_sdk/hook/cmake_prefix_path.dsv'
[3.101s] INFO:colcon.colcon_core.shell:Creating environment hook '/home/tobi/Documents/DynamixelROS2/ros/install/dynamixel_sdk/share/dynamixel_sdk/hook/cmake_prefix_path.sh'
[3.102s] Level 1:colcon.colcon_core.environment:checking '/home/tobi/Documents/DynamixelROS2/ros/install/dynamixel_sdk/lib'
[3.102s] Level 1:colcon.colcon_core.shell:create_environment_hook('dynamixel_sdk', 'ld_library_path_lib')
[3.102s] INFO:colcon.colcon_core.shell:Creating environment hook '/home/tobi/Documents/DynamixelROS2/ros/install/dynamixel_sdk/share/dynamixel_sdk/hook/ld_library_path_lib.ps1'
[3.102s] INFO:colcon.colcon_core.shell:Creating environment descriptor '/home/tobi/Documents/DynamixelROS2/ros/install/dynamixel_sdk/share/dynamixel_sdk/hook/ld_library_path_lib.dsv'
[3.102s] INFO:colcon.colcon_core.shell:Creating environment hook '/home/tobi/Documents/DynamixelROS2/ros/install/dynamixel_sdk/share/dynamixel_sdk/hook/ld_library_path_lib.sh'
[3.102s] Level 1:colcon.colcon_core.environment:checking '/home/tobi/Documents/DynamixelROS2/ros/install/dynamixel_sdk/bin'
[3.102s] Level 1:colcon.colcon_core.environment:checking '/home/tobi/Documents/DynamixelROS2/ros/install/dynamixel_sdk/lib/pkgconfig/dynamixel_sdk.pc'
[3.102s] Level 1:colcon.colcon_core.environment:checking '/home/tobi/Documents/DynamixelROS2/ros/install/dynamixel_sdk/lib/python3.12/site-packages'
[3.102s] Level 1:colcon.colcon_core.shell:create_environment_hook('dynamixel_sdk', 'pythonpath')
[3.103s] INFO:colcon.colcon_core.shell:Creating environment hook '/home/tobi/Documents/DynamixelROS2/ros/install/dynamixel_sdk/share/dynamixel_sdk/hook/pythonpath.ps1'
[3.103s] INFO:colcon.colcon_core.shell:Creating environment descriptor '/home/tobi/Documents/DynamixelROS2/ros/install/dynamixel_sdk/share/dynamixel_sdk/hook/pythonpath.dsv'
[3.103s] INFO:colcon.colcon_core.shell:Creating environment hook '/home/tobi/Documents/DynamixelROS2/ros/install/dynamixel_sdk/share/dynamixel_sdk/hook/pythonpath.sh'
[3.103s] Level 1:colcon.colcon_core.environment:checking '/home/tobi/Documents/DynamixelROS2/ros/install/dynamixel_sdk/bin'
[3.103s] INFO:colcon.colcon_core.shell:Creating package script '/home/tobi/Documents/DynamixelROS2/ros/install/dynamixel_sdk/share/dynamixel_sdk/package.ps1'
[3.104s] INFO:colcon.colcon_core.shell:Creating package descriptor '/home/tobi/Documents/DynamixelROS2/ros/install/dynamixel_sdk/share/dynamixel_sdk/package.dsv'
[3.104s] INFO:colcon.colcon_core.shell:Creating package script '/home/tobi/Documents/DynamixelROS2/ros/install/dynamixel_sdk/share/dynamixel_sdk/package.sh'
[3.105s] INFO:colcon.colcon_core.shell:Creating package script '/home/tobi/Documents/DynamixelROS2/ros/install/dynamixel_sdk/share/dynamixel_sdk/package.bash'
[3.105s] INFO:colcon.colcon_core.shell:Creating package script '/home/tobi/Documents/DynamixelROS2/ros/install/dynamixel_sdk/share/dynamixel_sdk/package.zsh'
[3.106s] Level 1:colcon.colcon_core.environment:create_file_with_runtime_dependencies(/home/tobi/Documents/DynamixelROS2/ros/install/dynamixel_sdk/share/colcon-core/packages/dynamixel_sdk)
[3.106s] Level 1:colcon.colcon_core.environment:create_environment_scripts_only(dynamixel_sdk)
[3.106s] Level 1:colcon.colcon_core.environment:checking '/home/tobi/Documents/DynamixelROS2/ros/install/dynamixel_sdk' for CMake module files
[3.106s] Level 1:colcon.colcon_core.environment:checking '/home/tobi/Documents/DynamixelROS2/ros/install/dynamixel_sdk' for CMake config files
[3.106s] Level 1:colcon.colcon_core.shell:create_environment_hook('dynamixel_sdk', 'cmake_prefix_path')
[3.107s] INFO:colcon.colcon_core.shell:Creating environment hook '/home/tobi/Documents/DynamixelROS2/ros/install/dynamixel_sdk/share/dynamixel_sdk/hook/cmake_prefix_path.ps1'
[3.107s] INFO:colcon.colcon_core.shell:Creating environment descriptor '/home/tobi/Documents/DynamixelROS2/ros/install/dynamixel_sdk/share/dynamixel_sdk/hook/cmake_prefix_path.dsv'
[3.107s] INFO:colcon.colcon_core.shell:Creating environment hook '/home/tobi/Documents/DynamixelROS2/ros/install/dynamixel_sdk/share/dynamixel_sdk/hook/cmake_prefix_path.sh'
[3.107s] Level 1:colcon.colcon_core.environment:checking '/home/tobi/Documents/DynamixelROS2/ros/install/dynamixel_sdk/lib'
[3.107s] Level 1:colcon.colcon_core.shell:create_environment_hook('dynamixel_sdk', 'ld_library_path_lib')
[3.107s] INFO:colcon.colcon_core.shell:Creating environment hook '/home/tobi/Documents/DynamixelROS2/ros/install/dynamixel_sdk/share/dynamixel_sdk/hook/ld_library_path_lib.ps1'
[3.108s] INFO:colcon.colcon_core.shell:Creating environment descriptor '/home/tobi/Documents/DynamixelROS2/ros/install/dynamixel_sdk/share/dynamixel_sdk/hook/ld_library_path_lib.dsv'
[3.108s] INFO:colcon.colcon_core.shell:Creating environment hook '/home/tobi/Documents/DynamixelROS2/ros/install/dynamixel_sdk/share/dynamixel_sdk/hook/ld_library_path_lib.sh'
[3.108s] Level 1:colcon.colcon_core.environment:checking '/home/tobi/Documents/DynamixelROS2/ros/install/dynamixel_sdk/bin'
[3.108s] Level 1:colcon.colcon_core.environment:checking '/home/tobi/Documents/DynamixelROS2/ros/install/dynamixel_sdk/lib/pkgconfig/dynamixel_sdk.pc'
[3.108s] Level 1:colcon.colcon_core.environment:checking '/home/tobi/Documents/DynamixelROS2/ros/install/dynamixel_sdk/lib/python3.12/site-packages'
[3.108s] Level 1:colcon.colcon_core.shell:create_environment_hook('dynamixel_sdk', 'pythonpath')
[3.108s] INFO:colcon.colcon_core.shell:Creating environment hook '/home/tobi/Documents/DynamixelROS2/ros/install/dynamixel_sdk/share/dynamixel_sdk/hook/pythonpath.ps1'
[3.108s] INFO:colcon.colcon_core.shell:Creating environment descriptor '/home/tobi/Documents/DynamixelROS2/ros/install/dynamixel_sdk/share/dynamixel_sdk/hook/pythonpath.dsv'
[3.109s] INFO:colcon.colcon_core.shell:Creating environment hook '/home/tobi/Documents/DynamixelROS2/ros/install/dynamixel_sdk/share/dynamixel_sdk/hook/pythonpath.sh'
[3.109s] Level 1:colcon.colcon_core.environment:checking '/home/tobi/Documents/DynamixelROS2/ros/install/dynamixel_sdk/bin'
[3.109s] INFO:colcon.colcon_core.shell:Creating package script '/home/tobi/Documents/DynamixelROS2/ros/install/dynamixel_sdk/share/dynamixel_sdk/package.ps1'
[3.109s] INFO:colcon.colcon_core.shell:Creating package descriptor '/home/tobi/Documents/DynamixelROS2/ros/install/dynamixel_sdk/share/dynamixel_sdk/package.dsv'
[3.110s] INFO:colcon.colcon_core.shell:Creating package script '/home/tobi/Documents/DynamixelROS2/ros/install/dynamixel_sdk/share/dynamixel_sdk/package.sh'
[3.110s] INFO:colcon.colcon_core.shell:Creating package script '/home/tobi/Documents/DynamixelROS2/ros/install/dynamixel_sdk/share/dynamixel_sdk/package.bash'
[3.110s] INFO:colcon.colcon_core.shell:Creating package script '/home/tobi/Documents/DynamixelROS2/ros/install/dynamixel_sdk/share/dynamixel_sdk/package.zsh'
[3.110s] Level 1:colcon.colcon_core.environment:create_file_with_runtime_dependencies(/home/tobi/Documents/DynamixelROS2/ros/install/dynamixel_sdk/share/colcon-core/packages/dynamixel_sdk)
[3.787s] DEBUG:colcon.colcon_core.event_handler.log_command:Invoked command in '/home/tobi/Documents/DynamixelROS2/ros/build/dynamixel_sdk_custom_interfaces' returned '0': CMAKE_PREFIX_PATH=${CMAKE_PREFIX_PATH}:/opt/ros/jazzy DEBUGINFOD_URLS=https://debuginfod.ubuntu.com /usr/bin/cmake /home/tobi/Documents/DynamixelROS2/ros/dynamixel_sdk_custom_interfaces -DAMENT_CMAKE_SYMLINK_INSTALL=1 -DCMAKE_INSTALL_PREFIX=/home/tobi/Documents/DynamixelROS2/ros/install/dynamixel_sdk_custom_interfaces
[3.787s] DEBUG:colcon.colcon_core.event_handler.log_command:Invoking command in '/home/tobi/Documents/DynamixelROS2/ros/build/dynamixel_sdk_custom_interfaces': CMAKE_PREFIX_PATH=${CMAKE_PREFIX_PATH}:/opt/ros/jazzy DEBUGINFOD_URLS=https://debuginfod.ubuntu.com /usr/bin/cmake --build /home/tobi/Documents/DynamixelROS2/ros/build/dynamixel_sdk_custom_interfaces -- -j16 -l16
[5.610s] DEBUG:colcon.colcon_core.event_handler.log_command:Invoked command in '/home/tobi/Documents/DynamixelROS2/ros/build/dynamixel_sdk_custom_interfaces' returned '0': CMAKE_PREFIX_PATH=${CMAKE_PREFIX_PATH}:/opt/ros/jazzy DEBUGINFOD_URLS=https://debuginfod.ubuntu.com /usr/bin/cmake --build /home/tobi/Documents/DynamixelROS2/ros/build/dynamixel_sdk_custom_interfaces -- -j16 -l16
[5.611s] DEBUG:colcon.colcon_core.event_handler.log_command:Invoking command in '/home/tobi/Documents/DynamixelROS2/ros/build/dynamixel_sdk_custom_interfaces': CMAKE_PREFIX_PATH=${CMAKE_PREFIX_PATH}:/opt/ros/jazzy DEBUGINFOD_URLS=https://debuginfod.ubuntu.com /usr/bin/cmake --install /home/tobi/Documents/DynamixelROS2/ros/build/dynamixel_sdk_custom_interfaces
[6.332s] Level 1:colcon.colcon_core.environment:create_environment_scripts_only(dynamixel_sdk_custom_interfaces)
[6.332s] DEBUG:colcon.colcon_core.event_handler.log_command:Invoked command in '/home/tobi/Documents/DynamixelROS2/ros/build/dynamixel_sdk_custom_interfaces' returned '0': CMAKE_PREFIX_PATH=${CMAKE_PREFIX_PATH}:/opt/ros/jazzy DEBUGINFOD_URLS=https://debuginfod.ubuntu.com /usr/bin/cmake --install /home/tobi/Documents/DynamixelROS2/ros/build/dynamixel_sdk_custom_interfaces
[6.332s] Level 1:colcon.colcon_core.environment:checking '/home/tobi/Documents/DynamixelROS2/ros/install/dynamixel_sdk_custom_interfaces' for CMake module files
[6.333s] Level 1:colcon.colcon_core.environment:checking '/home/tobi/Documents/DynamixelROS2/ros/install/dynamixel_sdk_custom_interfaces' for CMake config files
[6.334s] Level 1:colcon.colcon_core.shell:create_environment_hook('dynamixel_sdk_custom_interfaces', 'cmake_prefix_path')
[6.334s] INFO:colcon.colcon_core.shell:Creating environment hook '/home/tobi/Documents/DynamixelROS2/ros/install/dynamixel_sdk_custom_interfaces/share/dynamixel_sdk_custom_interfaces/hook/cmake_prefix_path.ps1'
[6.334s] INFO:colcon.colcon_core.shell:Creating environment descriptor '/home/tobi/Documents/DynamixelROS2/ros/install/dynamixel_sdk_custom_interfaces/share/dynamixel_sdk_custom_interfaces/hook/cmake_prefix_path.dsv'
[6.334s] INFO:colcon.colcon_core.shell:Creating environment hook '/home/tobi/Documents/DynamixelROS2/ros/install/dynamixel_sdk_custom_interfaces/share/dynamixel_sdk_custom_interfaces/hook/cmake_prefix_path.sh'
[6.335s] Level 1:colcon.colcon_core.environment:checking '/home/tobi/Documents/DynamixelROS2/ros/install/dynamixel_sdk_custom_interfaces/lib'
[6.335s] Level 1:colcon.colcon_core.shell:create_environment_hook('dynamixel_sdk_custom_interfaces', 'ld_library_path_lib')
[6.335s] INFO:colcon.colcon_core.shell:Creating environment hook '/home/tobi/Documents/DynamixelROS2/ros/install/dynamixel_sdk_custom_interfaces/share/dynamixel_sdk_custom_interfaces/hook/ld_library_path_lib.ps1'
[6.335s] INFO:colcon.colcon_core.shell:Creating environment descriptor '/home/tobi/Documents/DynamixelROS2/ros/install/dynamixel_sdk_custom_interfaces/share/dynamixel_sdk_custom_interfaces/hook/ld_library_path_lib.dsv'
[6.335s] INFO:colcon.colcon_core.shell:Creating environment hook '/home/tobi/Documents/DynamixelROS2/ros/install/dynamixel_sdk_custom_interfaces/share/dynamixel_sdk_custom_interfaces/hook/ld_library_path_lib.sh'
[6.335s] Level 1:colcon.colcon_core.environment:checking '/home/tobi/Documents/DynamixelROS2/ros/install/dynamixel_sdk_custom_interfaces/bin'
[6.335s] Level 1:colcon.colcon_core.environment:checking '/home/tobi/Documents/DynamixelROS2/ros/install/dynamixel_sdk_custom_interfaces/lib/pkgconfig/dynamixel_sdk_custom_interfaces.pc'
[6.335s] Level 1:colcon.colcon_core.environment:checking '/home/tobi/Documents/DynamixelROS2/ros/install/dynamixel_sdk_custom_interfaces/lib/python3.12/site-packages'
[6.336s] Level 1:colcon.colcon_core.shell:create_environment_hook('dynamixel_sdk_custom_interfaces', 'pythonpath')
[6.336s] INFO:colcon.colcon_core.shell:Creating environment hook '/home/tobi/Documents/DynamixelROS2/ros/install/dynamixel_sdk_custom_interfaces/share/dynamixel_sdk_custom_interfaces/hook/pythonpath.ps1'
[6.336s] INFO:colcon.colcon_core.shell:Creating environment descriptor '/home/tobi/Documents/DynamixelROS2/ros/install/dynamixel_sdk_custom_interfaces/share/dynamixel_sdk_custom_interfaces/hook/pythonpath.dsv'
[6.336s] INFO:colcon.colcon_core.shell:Creating environment hook '/home/tobi/Documents/DynamixelROS2/ros/install/dynamixel_sdk_custom_interfaces/share/dynamixel_sdk_custom_interfaces/hook/pythonpath.sh'
[6.336s] Level 1:colcon.colcon_core.environment:checking '/home/tobi/Documents/DynamixelROS2/ros/install/dynamixel_sdk_custom_interfaces/bin'
[6.336s] INFO:colcon.colcon_core.shell:Creating package script '/home/tobi/Documents/DynamixelROS2/ros/install/dynamixel_sdk_custom_interfaces/share/dynamixel_sdk_custom_interfaces/package.ps1'
[6.337s] INFO:colcon.colcon_core.shell:Creating package descriptor '/home/tobi/Documents/DynamixelROS2/ros/install/dynamixel_sdk_custom_interfaces/share/dynamixel_sdk_custom_interfaces/package.dsv'
[6.337s] INFO:colcon.colcon_core.shell:Creating package script '/home/tobi/Documents/DynamixelROS2/ros/install/dynamixel_sdk_custom_interfaces/share/dynamixel_sdk_custom_interfaces/package.sh'
[6.337s] INFO:colcon.colcon_core.shell:Creating package script '/home/tobi/Documents/DynamixelROS2/ros/install/dynamixel_sdk_custom_interfaces/share/dynamixel_sdk_custom_interfaces/package.bash'
[6.337s] INFO:colcon.colcon_core.shell:Creating package script '/home/tobi/Documents/DynamixelROS2/ros/install/dynamixel_sdk_custom_interfaces/share/dynamixel_sdk_custom_interfaces/package.zsh'
[6.337s] Level 1:colcon.colcon_core.environment:create_file_with_runtime_dependencies(/home/tobi/Documents/DynamixelROS2/ros/install/dynamixel_sdk_custom_interfaces/share/colcon-core/packages/dynamixel_sdk_custom_interfaces)
[6.338s] Level 1:colcon.colcon_core.environment:create_environment_scripts_only(dynamixel_sdk_custom_interfaces)
[6.338s] Level 1:colcon.colcon_core.environment:checking '/home/tobi/Documents/DynamixelROS2/ros/install/dynamixel_sdk_custom_interfaces' for CMake module files
[6.338s] Level 1:colcon.colcon_core.environment:checking '/home/tobi/Documents/DynamixelROS2/ros/install/dynamixel_sdk_custom_interfaces' for CMake config files
[6.338s] Level 1:colcon.colcon_core.shell:create_environment_hook('dynamixel_sdk_custom_interfaces', 'cmake_prefix_path')
[6.338s] INFO:colcon.colcon_core.shell:Creating environment hook '/home/tobi/Documents/DynamixelROS2/ros/install/dynamixel_sdk_custom_interfaces/share/dynamixel_sdk_custom_interfaces/hook/cmake_prefix_path.ps1'
[6.338s] INFO:colcon.colcon_core.shell:Creating environment descriptor '/home/tobi/Documents/DynamixelROS2/ros/install/dynamixel_sdk_custom_interfaces/share/dynamixel_sdk_custom_interfaces/hook/cmake_prefix_path.dsv'
[6.339s] INFO:colcon.colcon_core.shell:Creating environment hook '/home/tobi/Documents/DynamixelROS2/ros/install/dynamixel_sdk_custom_interfaces/share/dynamixel_sdk_custom_interfaces/hook/cmake_prefix_path.sh'
[6.339s] Level 1:colcon.colcon_core.environment:checking '/home/tobi/Documents/DynamixelROS2/ros/install/dynamixel_sdk_custom_interfaces/lib'
[6.339s] Level 1:colcon.colcon_core.shell:create_environment_hook('dynamixel_sdk_custom_interfaces', 'ld_library_path_lib')
[6.339s] INFO:colcon.colcon_core.shell:Creating environment hook '/home/tobi/Documents/DynamixelROS2/ros/install/dynamixel_sdk_custom_interfaces/share/dynamixel_sdk_custom_interfaces/hook/ld_library_path_lib.ps1'
[6.339s] INFO:colcon.colcon_core.shell:Creating environment descriptor '/home/tobi/Documents/DynamixelROS2/ros/install/dynamixel_sdk_custom_interfaces/share/dynamixel_sdk_custom_interfaces/hook/ld_library_path_lib.dsv'
[6.339s] INFO:colcon.colcon_core.shell:Creating environment hook '/home/tobi/Documents/DynamixelROS2/ros/install/dynamixel_sdk_custom_interfaces/share/dynamixel_sdk_custom_interfaces/hook/ld_library_path_lib.sh'
[6.340s] Level 1:colcon.colcon_core.environment:checking '/home/tobi/Documents/DynamixelROS2/ros/install/dynamixel_sdk_custom_interfaces/bin'
[6.340s] Level 1:colcon.colcon_core.environment:checking '/home/tobi/Documents/DynamixelROS2/ros/install/dynamixel_sdk_custom_interfaces/lib/pkgconfig/dynamixel_sdk_custom_interfaces.pc'
[6.340s] Level 1:colcon.colcon_core.environment:checking '/home/tobi/Documents/DynamixelROS2/ros/install/dynamixel_sdk_custom_interfaces/lib/python3.12/site-packages'
[6.340s] Level 1:colcon.colcon_core.shell:create_environment_hook('dynamixel_sdk_custom_interfaces', 'pythonpath')
[6.340s] INFO:colcon.colcon_core.shell:Creating environment hook '/home/tobi/Documents/DynamixelROS2/ros/install/dynamixel_sdk_custom_interfaces/share/dynamixel_sdk_custom_interfaces/hook/pythonpath.ps1'
[6.340s] INFO:colcon.colcon_core.shell:Creating environment descriptor '/home/tobi/Documents/DynamixelROS2/ros/install/dynamixel_sdk_custom_interfaces/share/dynamixel_sdk_custom_interfaces/hook/pythonpath.dsv'
[6.340s] INFO:colcon.colcon_core.shell:Creating environment hook '/home/tobi/Documents/DynamixelROS2/ros/install/dynamixel_sdk_custom_interfaces/share/dynamixel_sdk_custom_interfaces/hook/pythonpath.sh'
[6.341s] Level 1:colcon.colcon_core.environment:checking '/home/tobi/Documents/DynamixelROS2/ros/install/dynamixel_sdk_custom_interfaces/bin'
[6.341s] INFO:colcon.colcon_core.shell:Creating package script '/home/tobi/Documents/DynamixelROS2/ros/install/dynamixel_sdk_custom_interfaces/share/dynamixel_sdk_custom_interfaces/package.ps1'
[6.341s] INFO:colcon.colcon_core.shell:Creating package descriptor '/home/tobi/Documents/DynamixelROS2/ros/install/dynamixel_sdk_custom_interfaces/share/dynamixel_sdk_custom_interfaces/package.dsv'
[6.341s] INFO:colcon.colcon_core.shell:Creating package script '/home/tobi/Documents/DynamixelROS2/ros/install/dynamixel_sdk_custom_interfaces/share/dynamixel_sdk_custom_interfaces/package.sh'
[6.341s] INFO:colcon.colcon_core.shell:Creating package script '/home/tobi/Documents/DynamixelROS2/ros/install/dynamixel_sdk_custom_interfaces/share/dynamixel_sdk_custom_interfaces/package.bash'
[6.342s] INFO:colcon.colcon_core.shell:Creating package script '/home/tobi/Documents/DynamixelROS2/ros/install/dynamixel_sdk_custom_interfaces/share/dynamixel_sdk_custom_interfaces/package.zsh'
[6.342s] Level 1:colcon.colcon_core.environment:create_file_with_runtime_dependencies(/home/tobi/Documents/DynamixelROS2/ros/install/dynamixel_sdk_custom_interfaces/share/colcon-core/packages/dynamixel_sdk_custom_interfaces)
[6.342s] INFO:colcon.colcon_ros.task.ament_cmake.build:Building ROS package in '/home/tobi/Documents/DynamixelROS2/ros/dynamixel_sdk_examples' with build type 'ament_cmake'
[6.342s] INFO:colcon.colcon_cmake.task.cmake.build:Building CMake package in '/home/tobi/Documents/DynamixelROS2/ros/dynamixel_sdk_examples'
[6.342s] INFO:colcon.colcon_core.shell:Skip shell extension 'powershell' for command environment: Not usable outside of PowerShell
[6.342s] DEBUG:colcon.colcon_core.shell:Skip shell extension 'dsv' for command environment
[6.357s] DEBUG:colcon.colcon_core.event_handler.log_command:Invoking command in '/home/tobi/Documents/DynamixelROS2/ros/build/dynamixel_sdk_examples': AMENT_PREFIX_PATH=/home/tobi/Documents/DynamixelROS2/ros/install/dynamixel_sdk_custom_interfaces:/home/tobi/Documents/DynamixelROS2/ros/install/dynamixel_sdk:${AMENT_PREFIX_PATH} CMAKE_PREFIX_PATH=/home/tobi/Documents/DynamixelROS2/ros/install/dynamixel_sdk_custom_interfaces:/home/tobi/Documents/DynamixelROS2/ros/install/dynamixel_sdk:/opt/ros/jazzy/opt/gz_sim_vendor:/opt/ros/jazzy/opt/gz_sensors_vendor:/opt/ros/jazzy/opt/gz_physics_vendor:/opt/ros/jazzy/opt/sdformat_vendor:/opt/ros/jazzy/opt/gz_gui_vendor:/opt/ros/jazzy/opt/gz_transport_vendor:/opt/ros/jazzy/opt/gz_rendering_vendor:/opt/ros/jazzy/opt/gz_plugin_vendor:/opt/ros/jazzy/opt/gz_fuel_tools_vendor:/opt/ros/jazzy/opt/gz_msgs_vendor:/opt/ros/jazzy/opt/gz_common_vendor:/opt/ros/jazzy/opt/gz_math_vendor:/opt/ros/jazzy/opt/gz_utils_vendor:/opt/ros/jazzy/opt/gz_tools_vendor:/opt/ros/jazzy/opt/gz_ogre_next_vendor:/opt/ros/jazzy/opt/gz_dartsim_vendor:/opt/ros/jazzy/opt/gz_cmake_vendor:/opt/ros/jazzy DEBUGINFOD_URLS=https://debuginfod.ubuntu.com LD_LIBRARY_PATH=/home/tobi/Documents/DynamixelROS2/ros/install/dynamixel_sdk_custom_interfaces/lib:/home/tobi/Documents/DynamixelROS2/ros/install/dynamixel_sdk/lib:${LD_LIBRARY_PATH} PYTHONPATH=/home/tobi/Documents/DynamixelROS2/ros/install/dynamixel_sdk_custom_interfaces/lib/python3.12/site-packages:/home/tobi/Documents/DynamixelROS2/ros/install/dynamixel_sdk/lib/python3.12/site-packages:${PYTHONPATH} /usr/bin/cmake /home/tobi/Documents/DynamixelROS2/ros/dynamixel_sdk_examples -DAMENT_CMAKE_SYMLINK_INSTALL=1 -DCMAKE_INSTALL_PREFIX=/home/tobi/Documents/DynamixelROS2/ros/install/dynamixel_sdk_examples
[7.383s] DEBUG:colcon.colcon_core.event_handler.log_command:Invoked command in '/home/tobi/Documents/DynamixelROS2/ros/build/dynamixel_sdk_examples' returned '0': AMENT_PREFIX_PATH=/home/tobi/Documents/DynamixelROS2/ros/install/dynamixel_sdk_custom_interfaces:/home/tobi/Documents/DynamixelROS2/ros/install/dynamixel_sdk:${AMENT_PREFIX_PATH} CMAKE_PREFIX_PATH=/home/tobi/Documents/DynamixelROS2/ros/install/dynamixel_sdk_custom_interfaces:/home/tobi/Documents/DynamixelROS2/ros/install/dynamixel_sdk:/opt/ros/jazzy/opt/gz_sim_vendor:/opt/ros/jazzy/opt/gz_sensors_vendor:/opt/ros/jazzy/opt/gz_physics_vendor:/opt/ros/jazzy/opt/sdformat_vendor:/opt/ros/jazzy/opt/gz_gui_vendor:/opt/ros/jazzy/opt/gz_transport_vendor:/opt/ros/jazzy/opt/gz_rendering_vendor:/opt/ros/jazzy/opt/gz_plugin_vendor:/opt/ros/jazzy/opt/gz_fuel_tools_vendor:/opt/ros/jazzy/opt/gz_msgs_vendor:/opt/ros/jazzy/opt/gz_common_vendor:/opt/ros/jazzy/opt/gz_math_vendor:/opt/ros/jazzy/opt/gz_utils_vendor:/opt/ros/jazzy/opt/gz_tools_vendor:/opt/ros/jazzy/opt/gz_ogre_next_vendor:/opt/ros/jazzy/opt/gz_dartsim_vendor:/opt/ros/jazzy/opt/gz_cmake_vendor:/opt/ros/jazzy DEBUGINFOD_URLS=https://debuginfod.ubuntu.com LD_LIBRARY_PATH=/home/tobi/Documents/DynamixelROS2/ros/install/dynamixel_sdk_custom_interfaces/lib:/home/tobi/Documents/DynamixelROS2/ros/install/dynamixel_sdk/lib:${LD_LIBRARY_PATH} PYTHONPATH=/home/tobi/Documents/DynamixelROS2/ros/install/dynamixel_sdk_custom_interfaces/lib/python3.12/site-packages:/home/tobi/Documents/DynamixelROS2/ros/install/dynamixel_sdk/lib/python3.12/site-packages:${PYTHONPATH} /usr/bin/cmake /home/tobi/Documents/DynamixelROS2/ros/dynamixel_sdk_examples -DAMENT_CMAKE_SYMLINK_INSTALL=1 -DCMAKE_INSTALL_PREFIX=/home/tobi/Documents/DynamixelROS2/ros/install/dynamixel_sdk_examples
[7.383s] DEBUG:colcon.colcon_core.event_handler.log_command:Invoking command in '/home/tobi/Documents/DynamixelROS2/ros/build/dynamixel_sdk_examples': AMENT_PREFIX_PATH=/home/tobi/Documents/DynamixelROS2/ros/install/dynamixel_sdk_custom_interfaces:/home/tobi/Documents/DynamixelROS2/ros/install/dynamixel_sdk:${AMENT_PREFIX_PATH} CMAKE_PREFIX_PATH=/home/tobi/Documents/DynamixelROS2/ros/install/dynamixel_sdk_custom_interfaces:/home/tobi/Documents/DynamixelROS2/ros/install/dynamixel_sdk:/opt/ros/jazzy/opt/gz_sim_vendor:/opt/ros/jazzy/opt/gz_sensors_vendor:/opt/ros/jazzy/opt/gz_physics_vendor:/opt/ros/jazzy/opt/sdformat_vendor:/opt/ros/jazzy/opt/gz_gui_vendor:/opt/ros/jazzy/opt/gz_transport_vendor:/opt/ros/jazzy/opt/gz_rendering_vendor:/opt/ros/jazzy/opt/gz_plugin_vendor:/opt/ros/jazzy/opt/gz_fuel_tools_vendor:/opt/ros/jazzy/opt/gz_msgs_vendor:/opt/ros/jazzy/opt/gz_common_vendor:/opt/ros/jazzy/opt/gz_math_vendor:/opt/ros/jazzy/opt/gz_utils_vendor:/opt/ros/jazzy/opt/gz_tools_vendor:/opt/ros/jazzy/opt/gz_ogre_next_vendor:/opt/ros/jazzy/opt/gz_dartsim_vendor:/opt/ros/jazzy/opt/gz_cmake_vendor:/opt/ros/jazzy DEBUGINFOD_URLS=https://debuginfod.ubuntu.com LD_LIBRARY_PATH=/home/tobi/Documents/DynamixelROS2/ros/install/dynamixel_sdk_custom_interfaces/lib:/home/tobi/Documents/DynamixelROS2/ros/install/dynamixel_sdk/lib:${LD_LIBRARY_PATH} PYTHONPATH=/home/tobi/Documents/DynamixelROS2/ros/install/dynamixel_sdk_custom_interfaces/lib/python3.12/site-packages:/home/tobi/Documents/DynamixelROS2/ros/install/dynamixel_sdk/lib/python3.12/site-packages:${PYTHONPATH} /usr/bin/cmake --build /home/tobi/Documents/DynamixelROS2/ros/build/dynamixel_sdk_examples -- -j16 -l16
[12.737s] DEBUG:colcon.colcon_core.event_handler.log_command:Invoked command in '/home/tobi/Documents/DynamixelROS2/ros/build/dynamixel_sdk_examples' returned '0': AMENT_PREFIX_PATH=/home/tobi/Documents/DynamixelROS2/ros/install/dynamixel_sdk_custom_interfaces:/home/tobi/Documents/DynamixelROS2/ros/install/dynamixel_sdk:${AMENT_PREFIX_PATH} CMAKE_PREFIX_PATH=/home/tobi/Documents/DynamixelROS2/ros/install/dynamixel_sdk_custom_interfaces:/home/tobi/Documents/DynamixelROS2/ros/install/dynamixel_sdk:/opt/ros/jazzy/opt/gz_sim_vendor:/opt/ros/jazzy/opt/gz_sensors_vendor:/opt/ros/jazzy/opt/gz_physics_vendor:/opt/ros/jazzy/opt/sdformat_vendor:/opt/ros/jazzy/opt/gz_gui_vendor:/opt/ros/jazzy/opt/gz_transport_vendor:/opt/ros/jazzy/opt/gz_rendering_vendor:/opt/ros/jazzy/opt/gz_plugin_vendor:/opt/ros/jazzy/opt/gz_fuel_tools_vendor:/opt/ros/jazzy/opt/gz_msgs_vendor:/opt/ros/jazzy/opt/gz_common_vendor:/opt/ros/jazzy/opt/gz_math_vendor:/opt/ros/jazzy/opt/gz_utils_vendor:/opt/ros/jazzy/opt/gz_tools_vendor:/opt/ros/jazzy/opt/gz_ogre_next_vendor:/opt/ros/jazzy/opt/gz_dartsim_vendor:/opt/ros/jazzy/opt/gz_cmake_vendor:/opt/ros/jazzy DEBUGINFOD_URLS=https://debuginfod.ubuntu.com LD_LIBRARY_PATH=/home/tobi/Documents/DynamixelROS2/ros/install/dynamixel_sdk_custom_interfaces/lib:/home/tobi/Documents/DynamixelROS2/ros/install/dynamixel_sdk/lib:${LD_LIBRARY_PATH} PYTHONPATH=/home/tobi/Documents/DynamixelROS2/ros/install/dynamixel_sdk_custom_interfaces/lib/python3.12/site-packages:/home/tobi/Documents/DynamixelROS2/ros/install/dynamixel_sdk/lib/python3.12/site-packages:${PYTHONPATH} /usr/bin/cmake --build /home/tobi/Documents/DynamixelROS2/ros/build/dynamixel_sdk_examples -- -j16 -l16
[12.738s] DEBUG:colcon.colcon_core.event_handler.log_command:Invoking command in '/home/tobi/Documents/DynamixelROS2/ros/build/dynamixel_sdk_examples': AMENT_PREFIX_PATH=/home/tobi/Documents/DynamixelROS2/ros/install/dynamixel_sdk_custom_interfaces:/home/tobi/Documents/DynamixelROS2/ros/install/dynamixel_sdk:${AMENT_PREFIX_PATH} CMAKE_PREFIX_PATH=/home/tobi/Documents/DynamixelROS2/ros/install/dynamixel_sdk_custom_interfaces:/home/tobi/Documents/DynamixelROS2/ros/install/dynamixel_sdk:/opt/ros/jazzy/opt/gz_sim_vendor:/opt/ros/jazzy/opt/gz_sensors_vendor:/opt/ros/jazzy/opt/gz_physics_vendor:/opt/ros/jazzy/opt/sdformat_vendor:/opt/ros/jazzy/opt/gz_gui_vendor:/opt/ros/jazzy/opt/gz_transport_vendor:/opt/ros/jazzy/opt/gz_rendering_vendor:/opt/ros/jazzy/opt/gz_plugin_vendor:/opt/ros/jazzy/opt/gz_fuel_tools_vendor:/opt/ros/jazzy/opt/gz_msgs_vendor:/opt/ros/jazzy/opt/gz_common_vendor:/opt/ros/jazzy/opt/gz_math_vendor:/opt/ros/jazzy/opt/gz_utils_vendor:/opt/ros/jazzy/opt/gz_tools_vendor:/opt/ros/jazzy/opt/gz_ogre_next_vendor:/opt/ros/jazzy/opt/gz_dartsim_vendor:/opt/ros/jazzy/opt/gz_cmake_vendor:/opt/ros/jazzy DEBUGINFOD_URLS=https://debuginfod.ubuntu.com LD_LIBRARY_PATH=/home/tobi/Documents/DynamixelROS2/ros/install/dynamixel_sdk_custom_interfaces/lib:/home/tobi/Documents/DynamixelROS2/ros/install/dynamixel_sdk/lib:${LD_LIBRARY_PATH} PYTHONPATH=/home/tobi/Documents/DynamixelROS2/ros/install/dynamixel_sdk_custom_interfaces/lib/python3.12/site-packages:/home/tobi/Documents/DynamixelROS2/ros/install/dynamixel_sdk/lib/python3.12/site-packages:${PYTHONPATH} /usr/bin/cmake --install /home/tobi/Documents/DynamixelROS2/ros/build/dynamixel_sdk_examples
[12.892s] Level 1:colcon.colcon_core.environment:create_environment_scripts_only(dynamixel_sdk_examples)
[12.893s] Level 1:colcon.colcon_core.environment:checking '/home/tobi/Documents/DynamixelROS2/ros/install/dynamixel_sdk_examples' for CMake module files
[12.893s] DEBUG:colcon.colcon_core.event_handler.log_command:Invoked command in '/home/tobi/Documents/DynamixelROS2/ros/build/dynamixel_sdk_examples' returned '0': AMENT_PREFIX_PATH=/home/tobi/Documents/DynamixelROS2/ros/install/dynamixel_sdk_custom_interfaces:/home/tobi/Documents/DynamixelROS2/ros/install/dynamixel_sdk:${AMENT_PREFIX_PATH} CMAKE_PREFIX_PATH=/home/tobi/Documents/DynamixelROS2/ros/install/dynamixel_sdk_custom_interfaces:/home/tobi/Documents/DynamixelROS2/ros/install/dynamixel_sdk:/opt/ros/jazzy/opt/gz_sim_vendor:/opt/ros/jazzy/opt/gz_sensors_vendor:/opt/ros/jazzy/opt/gz_physics_vendor:/opt/ros/jazzy/opt/sdformat_vendor:/opt/ros/jazzy/opt/gz_gui_vendor:/opt/ros/jazzy/opt/gz_transport_vendor:/opt/ros/jazzy/opt/gz_rendering_vendor:/opt/ros/jazzy/opt/gz_plugin_vendor:/opt/ros/jazzy/opt/gz_fuel_tools_vendor:/opt/ros/jazzy/opt/gz_msgs_vendor:/opt/ros/jazzy/opt/gz_common_vendor:/opt/ros/jazzy/opt/gz_math_vendor:/opt/ros/jazzy/opt/gz_utils_vendor:/opt/ros/jazzy/opt/gz_tools_vendor:/opt/ros/jazzy/opt/gz_ogre_next_vendor:/opt/ros/jazzy/opt/gz_dartsim_vendor:/opt/ros/jazzy/opt/gz_cmake_vendor:/opt/ros/jazzy DEBUGINFOD_URLS=https://debuginfod.ubuntu.com LD_LIBRARY_PATH=/home/tobi/Documents/DynamixelROS2/ros/install/dynamixel_sdk_custom_interfaces/lib:/home/tobi/Documents/DynamixelROS2/ros/install/dynamixel_sdk/lib:${LD_LIBRARY_PATH} PYTHONPATH=/home/tobi/Documents/DynamixelROS2/ros/install/dynamixel_sdk_custom_interfaces/lib/python3.12/site-packages:/home/tobi/Documents/DynamixelROS2/ros/install/dynamixel_sdk/lib/python3.12/site-packages:${PYTHONPATH} /usr/bin/cmake --install /home/tobi/Documents/DynamixelROS2/ros/build/dynamixel_sdk_examples
[12.894s] Level 1:colcon.colcon_core.environment:checking '/home/tobi/Documents/DynamixelROS2/ros/install/dynamixel_sdk_examples' for CMake config files
[12.894s] Level 1:colcon.colcon_core.shell:create_environment_hook('dynamixel_sdk_examples', 'cmake_prefix_path')
[12.894s] INFO:colcon.colcon_core.shell:Creating environment hook '/home/tobi/Documents/DynamixelROS2/ros/install/dynamixel_sdk_examples/share/dynamixel_sdk_examples/hook/cmake_prefix_path.ps1'
[12.895s] INFO:colcon.colcon_core.shell:Creating environment descriptor '/home/tobi/Documents/DynamixelROS2/ros/install/dynamixel_sdk_examples/share/dynamixel_sdk_examples/hook/cmake_prefix_path.dsv'
[12.895s] INFO:colcon.colcon_core.shell:Creating environment hook '/home/tobi/Documents/DynamixelROS2/ros/install/dynamixel_sdk_examples/share/dynamixel_sdk_examples/hook/cmake_prefix_path.sh'
[12.895s] Level 1:colcon.colcon_core.environment:checking '/home/tobi/Documents/DynamixelROS2/ros/install/dynamixel_sdk_examples/lib'
[12.896s] Level 1:colcon.colcon_core.environment:checking '/home/tobi/Documents/DynamixelROS2/ros/install/dynamixel_sdk_examples/bin'
[12.896s] Level 1:colcon.colcon_core.environment:checking '/home/tobi/Documents/DynamixelROS2/ros/install/dynamixel_sdk_examples/lib/pkgconfig/dynamixel_sdk_examples.pc'
[12.896s] Level 1:colcon.colcon_core.environment:checking '/home/tobi/Documents/DynamixelROS2/ros/install/dynamixel_sdk_examples/lib/python3.12/site-packages'
[12.896s] Level 1:colcon.colcon_core.environment:checking '/home/tobi/Documents/DynamixelROS2/ros/install/dynamixel_sdk_examples/bin'
[12.896s] INFO:colcon.colcon_core.shell:Creating package script '/home/tobi/Documents/DynamixelROS2/ros/install/dynamixel_sdk_examples/share/dynamixel_sdk_examples/package.ps1'
[12.896s] INFO:colcon.colcon_core.shell:Creating package descriptor '/home/tobi/Documents/DynamixelROS2/ros/install/dynamixel_sdk_examples/share/dynamixel_sdk_examples/package.dsv'
[12.896s] INFO:colcon.colcon_core.shell:Creating package script '/home/tobi/Documents/DynamixelROS2/ros/install/dynamixel_sdk_examples/share/dynamixel_sdk_examples/package.sh'
[12.897s] INFO:colcon.colcon_core.shell:Creating package script '/home/tobi/Documents/DynamixelROS2/ros/install/dynamixel_sdk_examples/share/dynamixel_sdk_examples/package.bash'
[12.899s] INFO:colcon.colcon_core.shell:Creating package script '/home/tobi/Documents/DynamixelROS2/ros/install/dynamixel_sdk_examples/share/dynamixel_sdk_examples/package.zsh'
[12.899s] Level 1:colcon.colcon_core.environment:create_file_with_runtime_dependencies(/home/tobi/Documents/DynamixelROS2/ros/install/dynamixel_sdk_examples/share/colcon-core/packages/dynamixel_sdk_examples)
[12.899s] Level 1:colcon.colcon_core.environment:create_environment_scripts_only(dynamixel_sdk_examples)
[12.899s] Level 1:colcon.colcon_core.environment:checking '/home/tobi/Documents/DynamixelROS2/ros/install/dynamixel_sdk_examples' for CMake module files
[12.899s] Level 1:colcon.colcon_core.environment:checking '/home/tobi/Documents/DynamixelROS2/ros/install/dynamixel_sdk_examples' for CMake config files
[12.900s] Level 1:colcon.colcon_core.shell:create_environment_hook('dynamixel_sdk_examples', 'cmake_prefix_path')
[12.900s] INFO:colcon.colcon_core.shell:Creating environment hook '/home/tobi/Documents/DynamixelROS2/ros/install/dynamixel_sdk_examples/share/dynamixel_sdk_examples/hook/cmake_prefix_path.ps1'
[12.900s] INFO:colcon.colcon_core.shell:Creating environment descriptor '/home/tobi/Documents/DynamixelROS2/ros/install/dynamixel_sdk_examples/share/dynamixel_sdk_examples/hook/cmake_prefix_path.dsv'
[12.900s] INFO:colcon.colcon_core.shell:Creating environment hook '/home/tobi/Documents/DynamixelROS2/ros/install/dynamixel_sdk_examples/share/dynamixel_sdk_examples/hook/cmake_prefix_path.sh'
[12.900s] Level 1:colcon.colcon_core.environment:checking '/home/tobi/Documents/DynamixelROS2/ros/install/dynamixel_sdk_examples/lib'
[12.900s] Level 1:colcon.colcon_core.environment:checking '/home/tobi/Documents/DynamixelROS2/ros/install/dynamixel_sdk_examples/bin'
[12.900s] Level 1:colcon.colcon_core.environment:checking '/home/tobi/Documents/DynamixelROS2/ros/install/dynamixel_sdk_examples/lib/pkgconfig/dynamixel_sdk_examples.pc'
[12.901s] Level 1:colcon.colcon_core.environment:checking '/home/tobi/Documents/DynamixelROS2/ros/install/dynamixel_sdk_examples/lib/python3.12/site-packages'
[12.901s] Level 1:colcon.colcon_core.environment:checking '/home/tobi/Documents/DynamixelROS2/ros/install/dynamixel_sdk_examples/bin'
[12.901s] INFO:colcon.colcon_core.shell:Creating package script '/home/tobi/Documents/DynamixelROS2/ros/install/dynamixel_sdk_examples/share/dynamixel_sdk_examples/package.ps1'
[12.901s] INFO:colcon.colcon_core.shell:Creating package descriptor '/home/tobi/Documents/DynamixelROS2/ros/install/dynamixel_sdk_examples/share/dynamixel_sdk_examples/package.dsv'
[12.901s] INFO:colcon.colcon_core.shell:Creating package script '/home/tobi/Documents/DynamixelROS2/ros/install/dynamixel_sdk_examples/share/dynamixel_sdk_examples/package.sh'
[12.902s] INFO:colcon.colcon_core.shell:Creating package script '/home/tobi/Documents/DynamixelROS2/ros/install/dynamixel_sdk_examples/share/dynamixel_sdk_examples/package.bash'
[12.902s] INFO:colcon.colcon_core.shell:Creating package script '/home/tobi/Documents/DynamixelROS2/ros/install/dynamixel_sdk_examples/share/dynamixel_sdk_examples/package.zsh'
[12.902s] Level 1:colcon.colcon_core.environment:create_file_with_runtime_dependencies(/home/tobi/Documents/DynamixelROS2/ros/install/dynamixel_sdk_examples/share/colcon-core/packages/dynamixel_sdk_examples)
[12.902s] DEBUG:colcon.colcon_parallel_executor.executor.parallel:closing loop
[12.902s] DEBUG:colcon.colcon_parallel_executor.executor.parallel:loop closed
[12.902s] DEBUG:colcon.colcon_parallel_executor.executor.parallel:run_until_complete finished with '0'
[12.902s] DEBUG:colcon.colcon_core.event_reactor:joining thread
[12.912s] INFO:colcon.colcon_core.plugin_system:Skipping extension 'colcon_notification.desktop_notification.terminal_notifier': Not used on non-Darwin systems
[12.912s] INFO:colcon.colcon_core.plugin_system:Skipping extension 'colcon_notification.desktop_notification.win32': Not used on non-Windows systems
[12.912s] INFO:colcon.colcon_notification.desktop_notification:Sending desktop notification using 'notify2'
[12.924s] DEBUG:colcon.colcon_core.event_reactor:joined thread
[12.925s] INFO:colcon.colcon_core.shell:Creating prefix script '/home/tobi/Documents/DynamixelROS2/ros/install/local_setup.ps1'
[12.925s] INFO:colcon.colcon_core.shell:Creating prefix util module '/home/tobi/Documents/DynamixelROS2/ros/install/_local_setup_util_ps1.py'
[12.926s] INFO:colcon.colcon_core.shell:Creating prefix chain script '/home/tobi/Documents/DynamixelROS2/ros/install/setup.ps1'
[12.927s] INFO:colcon.colcon_core.shell:Creating prefix script '/home/tobi/Documents/DynamixelROS2/ros/install/local_setup.sh'
[12.927s] INFO:colcon.colcon_core.shell:Creating prefix util module '/home/tobi/Documents/DynamixelROS2/ros/install/_local_setup_util_sh.py'
[12.927s] INFO:colcon.colcon_core.shell:Creating prefix chain script '/home/tobi/Documents/DynamixelROS2/ros/install/setup.sh'
[12.928s] INFO:colcon.colcon_core.shell:Creating prefix script '/home/tobi/Documents/DynamixelROS2/ros/install/local_setup.bash'
[12.928s] INFO:colcon.colcon_core.shell:Creating prefix chain script '/home/tobi/Documents/DynamixelROS2/ros/install/setup.bash'
[12.929s] INFO:colcon.colcon_core.shell:Creating prefix script '/home/tobi/Documents/DynamixelROS2/ros/install/local_setup.zsh'
[12.929s] INFO:colcon.colcon_core.shell:Creating prefix chain script '/home/tobi/Documents/DynamixelROS2/ros/install/setup.zsh'
